# <Puzzle index>	<Unsolved percentage>	<Average solve time (ms)>
0	1.0	0.0
1	1.0	0.0
2	0.75	62178.6759425886
3	1.0	0.0
4	1.0	0.0
5	0.75	63377.54175905138
6	0.75	3476.9090060144663
7	1.0	0.0
8	0.75	24708.797104656696
9	1.0	0.0
10	0.75	34084.59667582065
11	1.0	0.0
12	1.0	0.0
13	0.5	59838.80612696521
14	1.0	0.0
15	0.75	10593.900443986058
16	1.0	0.0
17	1.0	0.0
18	1.0	0.0
19	1.0	0.0
20	1.0	0.0
21	1.0	0.0
22	1.0	0.0
23	1.0	0.0
24	1.0	0.0
25	1.0	0.0
26	1.0	0.0
27	1.0	0.0
28	1.0	0.0
29	0.75	64969.7726899758
30	1.0	0.0
31	1.0	0.0
32	1.0	0.0
33	1.0	0.0
34	1.0	0.0
35	1.0	0.0
36	1.0	0.0
37	1.0	0.0
38	1.0	0.0
39	1.0	0.0
40	1.0	0.0
41	1.0	0.0
42	1.0	0.0
43	1.0	0.0
44	1.0	0.0
45	1.0	0.0
46	1.0	0.0
47	1.0	0.0
48	0.75	29367.492640856653
49	1.0	0.0
50	0.75	48535.167671274394
51	1.0	0.0
52	1.0	0.0
53	0.75	53429.36363769695
54	0.75	49858.39424887672
55	1.0	0.0
56	1.0	0.0
57	1.0	0.0
58	1.0	0.0
59	1.0	0.0
60	1.0	0.0
61	1.0	0.0
62	1.0	0.0
63	1.0	0.0
64	1.0	0.0
65	0.75	33506.93375617266
66	1.0	0.0
67	1.0	0.0
68	1.0	0.0
69	1.0	0.0
70	1.0	0.0
71	0.75	48897.842527367175
72	1.0	0.0
73	0.75	20869.269111193717
74	1.0	0.0
75	1.0	0.0
76	0.0	41457.12130935863
77	1.0	0.0
78	0.75	40261.46160811186
79	1.0	0.0
80	1.0	0.0
81	1.0	0.0
82	1.0	0.0
83	1.0	0.0
84	1.0	0.0
85	1.0	0.0
86	1.0	0.0
87	1.0	0.0
88	0.0	27439.432351267897
89	1.0	0.0
90	1.0	0.0
91	0.75	17265.241460874677
92	1.0	0.0
93	0.5	44163.381026824936
94	1.0	0.0
95	1.0	0.0
96	1.0	0.0
97	0.75	44433.984148316085
98	1.0	0.0
99	1.0	0.0
100	1.0	0.0
101	1.0	0.0
102	1.0	0.0
103	1.0	0.0
104	1.0	0.0
105	1.0	0.0
106	1.0	0.0
107	1.0	0.0
108	1.0	0.0
109	1.0	0.0
110	1.0	0.0
111	1.0	0.0
112	0.5	33018.645748496056
113	1.0	0.0
114	1.0	0.0
115	1.0	0.0
116	1.0	0.0
117	1.0	0.0
118	1.0	0.0
119	0.75	20189.1765659675
120	1.0	0.0
121	1.0	0.0
122	1.0	0.0
123	1.0	0.0
124	0.5	28446.96418195963
125	1.0	0.0
126	1.0	0.0
127	1.0	0.0
128	1.0	0.0
129	0.5	46718.73844997026
130	1.0	0.0
131	1.0	0.0
132	1.0	0.0
133	1.0	0.0
134	0.75	68480.94680113718
135	1.0	0.0
136	1.0	0.0
137	0.75	38875.59202965349
138	1.0	0.0
139	1.0	0.0
140	1.0	0.0
141	1.0	0.0
142	0.75	55776.79682010785
143	1.0	0.0
144	1.0	0.0
145	0.5	67566.86484161764
146	1.0	0.0
147	1.0	0.0
148	1.0	0.0
149	1.0	0.0
150	1.0	0.0
151	1.0	0.0
152	1.0	0.0
153	0.5	9533.479884034023
154	1.0	0.0
155	0.25	16092.300988112887
156	0.75	79922.11006116122
157	1.0	0.0
158	1.0	0.0
159	1.0	0.0
160	1.0	0.0
161	0.75	75579.86212568358
162	1.0	0.0
163	1.0	0.0
164	0.5	54154.2026840616
165	1.0	0.0
166	1.0	0.0
167	1.0	0.0
168	1.0	0.0
169	1.0	0.0
170	1.0	0.0
171	0.75	68992.30116931722
172	1.0	0.0
173	0.75	5813.097573816776
174	0.75	56483.48187003285
175	0.75	40734.424237161875
176	1.0	0.0
177	1.0	0.0
178	1.0	0.0
179	0.75	19835.405450314283
180	0.0	57464.9092273321
181	0.75	36857.08818025887
182	0.75	79094.35618296266
183	1.0	0.0
184	1.0	0.0
185	0.75	28607.25289164111
186	0.0	43895.270246779546
187	1.0	0.0
188	0.0	18100.550239672884
189	1.0	0.0
190	1.0	0.0
191	1.0	0.0
192	1.0	0.0
193	1.0	0.0
194	1.0	0.0
195	1.0	0.0
196	0.0	23634.144883370027
197	1.0	0.0
198	1.0	0.0
199	0.0	27129.675780888647
200	0.0	33479.65745686088
201	1.0	0.0
202	0.25	24130.079568208504
203	0.0	30628.295412985608
204	0.5	22110.317528015003
205	1.0	0.0
206	0.0	7066.060016746633
207	1.0	0.0
208	1.0	0.0
209	1.0	0.0
210	0.75	38207.86280091852
211	1.0	0.0
212	1.0	0.0
213	1.0	0.0
214	0.25	52655.632266153894
215	0.0	18932.986165047623
216	0.0	12115.668465499766
217	1.0	0.0
218	0.75	6509.044873993844
219	0.75	84877.95033305883
220	1.0	0.0
221	0.75	31624.64969791472
222	1.0	0.0
223	0.0	11860.484751057811
224	0.5	54913.92298019491
225	1.0	0.0
226	0.5	20267.998264404014
227	0.0	13316.32259779144
228	0.5	31423.411617521197
229	1.0	0.0
230	0.25	41562.07528462013
231	0.0	11588.165557128377
232	0.75	17816.555607132614
233	1.0	0.0
234	0.5	41594.2630530335
235	1.0	0.0
236	1.0	0.0
237	1.0	0.0
238	1.0	0.0
239	0.0	51271.030749194324
240	0.25	27855.57978491609
241	1.0	0.0
242	1.0	0.0
243	0.0	35995.16745842993
244	0.75	36678.97537257522
245	0.0	17941.853967378847
246	0.25	30349.14245006318
247	0.25	76976.40538432945
248	0.0	21071.497232303955
249	0.0	47319.64151002467
250	0.0	23829.811427858658
251	0.25	42787.2291666766
252	1.0	0.0
253	1.0	0.0
254	0.25	18107.821480371058
255	1.0	0.0
256	1.0	0.0
257	0.0	20911.065939930268
258	0.25	44506.60302117467
259	0.25	31452.45044414575
260	0.0	7818.8067564042285
261	0.25	35818.28915250177
262	0.75	9599.939963314682
263	1.0	0.0
264	0.0	18439.304872765206
265	0.25	24521.694056224078
266	0.75	39408.46648719162
267	0.0	30369.346755440347
268	0.5	52180.15132495202
269	0.0	19292.998419725336
270	0.25	27794.598809288193
271	0.0	22787.54529345315
272	0.0	40371.04202166665
273	0.25	54427.11372332027
274	1.0	0.0
275	0.25	28368.729557842016
276	1.0	0.0
277	0.5	16446.63513218984
278	0.25	48676.50444433093
279	0.0	20153.016879223287
280	0.25	24442.91434592257
281	1.0	0.0
282	1.0	0.0
283	0.25	40104.33586128056
284	0.0	13122.248423867859
285	1.0	0.0
286	0.0	16902.467179577798
287	0.5	40732.73281380534
288	0.25	5264.826577622443
289	1.0	0.0
290	1.0	0.0
291	1.0	0.0
292	0.75	61556.29583215341
293	1.0	0.0
294	0.0	42665.02246132586
295	0.25	19518.08118354529
296	0.0	51849.36224296689
297	0.0	30669.67262874823
298	0.75	374.18083706870675
299	0.25	36802.00312534968
300	0.75	88706.256267149
301	0.0	9351.694328710437
302	0.0	52002.54578422755
303	0.0	13699.935193057172
304	0.25	43752.1495098869
305	0.25	21602.171412669122
306	0.75	88700.95239998773
307	0.25	59541.83034350475
308	1.0	0.0
309	0.0	35377.79095035512
310	0.75	21876.162976957858
311	0.0	34062.57448089309
312	0.0	25743.462162208743
313	1.0	0.0
314	0.0	37283.40343083255
315	0.0	21130.56102360133
316	0.75	79028.3341682516
317	0.0	47854.868569993414
318	0.0	6090.589739964344
319	0.0	19466.103269951418
320	0.0	17854.076954885386
321	0.0	12467.994988081045
322	0.25	33696.65398153787
323	0.0	42869.06320229173
324	0.0	43257.926218328066
325	1.0	0.0
326	1.0	0.0
327	0.5	29831.06781146489
328	0.0	12244.353691930883
329	1.0	0.0
330	0.25	49801.04670440778
331	0.0	12700.297445291653
332	0.25	17996.800277692575
333	1.0	0.0
334	0.0	18130.471725948155
335	1.0	0.0
336	0.0	25275.43830347713
337	0.0	19372.45880975388
338	1.0	0.0
339	1.0	0.0
340	0.0	27961.149641429074
341	0.75	11150.46257711947
342	0.75	31578.737637028098
343	1.0	0.0
344	0.0	35136.779741500504
345	0.5	24208.67411722429
346	0.5	27766.689852112904
347	0.0	14958.45181925688
348	0.0	19271.3964470895
349	0.0	31220.517798210494
350	0.0	25698.63588316366
351	0.0	7928.133956156671
352	0.0	25058.240305515938
353	0.0	7756.992317037657
354	0.0	43347.27870428469
355	0.0	26717.798220342956
356	0.0	48000.89088862296
357	0.25	38584.76555487141
358	0.0	5841.70596068725
359	0.0	6363.803345593624
360	0.0	28622.34510690905
361	0.0	42849.06193672214
362	0.25	39500.8445600979
363	0.0	21180.96599855926
364	0.0	9592.083167866804
365	1.0	0.0
366	0.0	13228.286939905956
367	0.25	26547.10548464209
368	0.0	16141.840150463395
369	0.0	53289.697243017145
370	0.0	12912.019542767666
371	0.0	13300.711394054815
372	0.25	18637.646878293406
373	0.0	23688.065956463106
374	0.0	36808.878677431494
375	0.75	85298.84893028066
376	0.25	40637.91944490125
377	0.0	19312.795095611364
378	0.0	31029.248222126625
379	0.5	68858.76357881352
380	0.0	41648.3248466393
381	0.25	43480.37989654889
382	0.5	55356.40495456755
383	0.0	29292.685069493018
384	0.5	66747.59836867452
385	0.0	8990.746719762683
386	0.0	8842.483801417984
387	0.0	20045.279666315764
388	0.75	62923.19507384673
389	1.0	0.0
390	1.0	0.0
391	0.0	21003.99616768118
392	1.0	0.0
393	0.25	38906.98121751969
394	0.25	39127.57285435995
395	1.0	0.0
396	0.25	33719.419698075704
397	0.25	22561.412428040057
398	1.0	0.0
399	0.0	5201.840209425427
400	0.0	38224.925071466714
401	0.0	25722.607151954435
402	0.0	48438.5989762377
403	0.0	11043.476049555466
404	1.0	0.0
405	0.5	40782.66028990038
406	0.25	26409.730784595013
407	0.0	20962.595075485297
408	0.0	25952.242201543413
409	0.0	34102.4715625681
410	0.25	31704.184951105464
411	0.0	17987.022628542036
412	0.25	34272.21688069403
413	0.0	26809.462650911883
414	0.0	30164.03735568747
415	0.0	49253.10083059594
416	0.0	62411.350105772726
417	0.25	31476.25979532798
418	0.25	43229.8836982809
419	0.0	22280.476715997793
420	0.75	70780.639258679
421	0.0	25969.198910635896
422	0.0	12575.771949952468
423	0.0	31620.54657819681
424	0.0	17330.10735886637
425	0.0	16867.34454135876
426	0.0	21257.906192098744
427	0.0	7447.106227278709
428	1.0	0.0
429	0.0	28837.142611970194
430	0.25	39942.0657629768
431	0.0	54221.756185404956
432	0.0	21554.241374949925
433	0.0	43076.37291809078
434	0.25	47247.15847723807
435	0.0	22254.57117066253
436	0.0	28385.040288907476
437	0.0	43873.49859823007
438	0.5	73016.18961663917
439	1.0	0.0
440	0.0	19757.49144004658
441	0.5	51719.61763151921
442	0.0	11114.598594605923
443	0.0	42689.63049259037
444	0.0	24086.042044800706
445	0.5	41757.702810456976
446	0.0	21387.422758038156
447	0.0	16717.808466637507
448	0.0	34230.919747729786
449	0.0	9618.985301232897
450	0.25	25409.063379901152
451	0.5	39989.9673499167
452	1.0	0.0
453	1.0	0.0
454	0.25	21790.17047661667
455	0.0	17876.784654567018
456	0.0	19060.971618746407
457	0.25	52387.73548308139
458	0.25	27347.76282000045
459	0.0	26891.580571071245
460	0.0	51808.181000407785
461	0.0	33637.233951245435
462	0.0	26451.702258200385
463	0.0	11653.37887313217
464	0.0	11071.103941067122
465	1.0	0.0
466	0.0	26929.392143385485
467	0.25	37789.277482622616
468	0.0	27118.07629931718
469	0.0	26568.420035066083
470	1.0	0.0
471	0.0	20641.737607191317
472	0.0	23185.386955854483
473	0.0	19851.914049242623
474	0.25	43034.21483095735
475	1.0	0.0
476	0.0	2158.250942011364
477	0.0	18733.480761293322
478	0.0	20794.772327761166
479	0.0	16028.424178715795
480	0.0	24651.263764942996
481	1.0	0.0
482	0.0	23605.119592277333
483	0.0	6503.993806196377
484	0.5	26494.49012707919
485	0.0	37496.88600632362
486	0.25	19476.129812033225
487	0.0	16368.774554342963
488	0.0	26932.818613713607
489	0.0	19869.770126300864
490	0.0	23343.151969951577
491	1.0	0.0
492	0.0	28391.719211591408
493	0.5	54567.85559770651
494	0.5	28314.744389615953
495	0.0	36334.18675872963
496	0.25	38805.57502200827
497	0.0	15360.66315160133
498	0.0	25720.529207144864
499	0.0	24365.781621308997
500	0.0	44556.77452578675
501	0.0	17806.75498698838
502	0.0	22073.900550371036
503	0.25	27484.225683690358
504	0.0	18045.396710862406
505	0.75	25453.993378207088
506	0.25	15878.899383513877
507	0.25	37439.28082830583
508	0.0	33737.51973803155
509	0.25	41374.26597097268
510	0.0	11594.642704469152
511	0.0	24893.276591901667
512	0.0	14269.335536984727
513	0.0	22249.297009781003
514	0.0	1968.7155694700778
515	0.0	20445.91397314798
516	0.25	1596.216941718012
517	0.25	34553.81177396824
518	0.0	23250.96529116854
519	0.0	34083.838075748645
520	0.0	25577.85321190022
521	0.0	30653.256166609935
522	0.0	31626.1398679344
523	0.0	28317.574752261862
524	0.25	20852.15777391568
525	0.0	32890.298999496736
526	0.0	42824.77477344219
527	0.0	27150.532093364745
528	0.0	19801.03430314921
529	0.0	30867.80611204449
530	0.0	35817.4413649831
531	0.25	20791.854773337644
532	0.5	63931.006432976574
533	1.0	0.0
534	0.25	30264.9539920191
535	1.0	0.0
536	0.25	8690.1924056001
537	0.0	16627.411276451312
538	0.0	21907.502073445357
539	0.0	8929.774350021034
540	0.0	25687.929299660027
541	0.0	7426.687708240934
542	0.0	45971.75143274944
543	0.5	9157.333890441805
544	0.0	43689.65680454858
545	0.0	20249.70296456013
546	0.75	30005.782966967672
547	0.0	26716.961950762197
548	0.0	23903.36243691854
549	0.0	8558.409338118508
550	0.0	26357.658433611505
551	0.75	68645.9350399673
552	0.25	44827.46345022073
553	0.0	39686.533271102235
554	0.0	30727.391624590382
555	0.0	13878.1932805432
556	0.0	38998.507682583295
557	1.0	0.0
558	0.0	22163.677512435243
559	0.5	43553.85246244259
560	0.0	43307.83790512942
561	0.5	46192.7567566745
562	0.0	32573.22663627565
563	0.0	34501.93118234165
564	0.0	11152.625670656562
565	0.0	20847.731599234976
566	0.0	15995.931454119273
567	0.5	56841.54203347862
568	0.0	18581.795206991956
569	1.0	0.0
570	0.0	24737.838748376817
571	0.0	22730.49568978604
572	0.0	17275.503558805212
573	0.0	7893.389099976048
574	0.0	4244.7868986055255
575	0.0	16915.9192238003
576	0.0	7314.090193249285
577	0.0	10745.60426804237
578	0.25	38439.32944582775
579	0.25	44537.27610781789
580	0.25	30428.39700775221
581	0.0	18639.02836572379
582	0.0	26558.10074834153
583	0.5	21005.399781279266
584	0.0	27049.0818338003
585	0.0	14198.736454127356
586	0.0	6284.815046354197
587	0.0	15491.932331351563
588	0.25	30680.527061379205
589	0.0	72433.37108334526
590	0.0	18957.268254598603
591	0.0	40499.19331714045
592	0.0	23464.48448614683
593	0.0	13711.187437176704
594	0.0	4138.430460356176
595	0.25	17420.38108765458
596	0.25	42456.804607994854
597	0.0	6497.867193305865
598	0.0	17922.172639751807
599	0.0	29378.20711301174
600	0.0	20696.544785634615
601	0.0	21390.1500426
602	1.0	0.0
603	0.25	11013.985165084401
604	0.0	17855.086523341015
605	0.5	31593.723616097122
606	1.0	0.0
607	0.25	48330.76371237015
608	1.0	0.0
609	0.0	25336.01838746108
610	0.0	9072.892599971965
611	0.0	13039.695376413874
612	0.0	28369.21888985671
613	0.0	34613.41600026935
614	0.0	37841.022989246994
615	0.0	3957.8047284157947
616	0.75	60968.03190978244
617	0.0	34003.02080437541
618	0.0	15426.652104011737
619	0.0	17195.145958685316
620	0.0	41664.441628498025
621	0.5	40618.600777117535
622	0.5	11864.99793943949
623	0.0	50403.945652535185
624	0.5	18032.51351066865
625	0.0	38890.56170638651
626	0.0	27148.090450791642
627	0.25	45050.505621669196
628	0.0	13903.82584114559
629	0.0	18682.148308726028
630	0.0	21600.633083842695
631	0.0	20931.88749672845
632	0.0	10222.777061280794
633	0.0	4534.953918773681
634	1.0	0.0
635	0.0	7757.262249011546
636	0.0	18711.70964569319
637	0.0	15559.308840078302
638	0.25	47655.921243907265
639	0.0	36850.97802965902
640	0.0	29167.016183258966
641	0.0	23962.69202674739
642	0.0	48671.33959324565
643	0.0	5856.38525581453
644	0.0	21352.1800119197
645	0.75	36203.075118828565
646	0.0	32700.572456466034
647	0.0	19900.684785912745
648	0.0	42676.897551165894
649	0.0	16277.908018091694
650	0.0	40823.61436681822
651	0.0	24968.049482791685
652	0.0	31048.05776826106
653	0.5	65490.56586949155
654	0.0	57936.36871594936
655	0.0	7836.177074466832
656	0.0	12849.85289548058
657	0.0	16132.096301065758
658	0.0	18791.41170613002
659	0.0	5669.664051849395
660	0.0	13034.874046919867
661	0.5	9698.34002899006
662	0.0	30378.308256622404
663	0.25	29529.322712216526
664	0.0	32569.388820091262
665	0.0	8314.847239525989
666	0.0	27698.881656397134
667	0.0	39824.42972273566
668	0.0	57656.03431186173
669	0.0	39837.367201107554
670	0.0	45446.40030676965
671	0.0	21847.288135671988
672	0.75	31429.28416421637
673	0.0	22318.830524920486
674	0.5	20279.81706894934
675	0.0	31258.90658411663
676	0.0	8359.59520121105
677	0.0	10187.154882471077
678	0.0	13195.408919360489
679	0.25	50854.43337991213
680	1.0	0.0
681	0.25	40171.219426828124
682	0.75	6813.739105127752
683	0.25	15996.228747690717
684	0.0	30873.199706198648
685	0.0	10301.147550577298
686	0.25	37438.862134547286
687	0.0	17357.828601496294
688	0.0	28592.462496599182
689	0.0	16239.738508244045
690	0.75	77233.55123167858
691	0.5	19935.80488138832
692	0.0	5360.836577718146
693	0.0	40656.01973165758
694	0.0	3966.027925722301
695	0.0	8574.101811507717
696	0.0	30883.381332969293
697	0.25	13735.864210408181
698	0.0	39152.222694829106
699	0.0	9108.953383751214
700	0.0	16159.897904261015
701	0.0	3462.854352546856
702	0.0	16333.956667920575
703	0.0	6965.7261210959405
704	0.0	12286.619544727728
705	0.25	45933.96782176569
706	0.75	50840.71244811639
707	0.5	33311.060779495165
708	0.0	36214.93214427028
709	0.0	31482.062199735083
710	1.0	0.0
711	0.0	46080.577775486745
712	0.0	21149.16788775008
713	0.0	15897.069164551795
714	0.0	18169.248184538446
715	0.25	46086.84385490293
716	0.0	32251.424747752026
717	0.0	28289.224750478752
718	0.25	45699.5250370043
719	0.5	47549.31731033139
720	0.0	20934.922721004114
721	0.0	8249.73428552039
722	0.0	13588.946094620042
723	0.0	20442.514311289415
724	0.25	21236.72488409405
725	0.0	14328.740957425907
726	0.0	44318.53870139457
727	0.0	16047.486555413343
728	0.0	24229.954319191165
729	0.0	42613.9598635491
730	0.0	28595.322822104208
731	0.0	71327.90000899695
732	0.0	18988.280597608536
733	0.0	4659.598230733536
734	0.0	10810.176225029863
735	0.0	18339.52976902947
736	0.5	37948.892863933
737	0.0	27195.454221218824
738	0.0	41014.408158604056
739	0.5	36168.516227044165
740	0.0	16262.012655846775
741	0.25	15314.244337845594
742	0.0	24616.03675072547
743	0.0	31614.096390781924
744	0.0	26689.612033078447
745	0.0	25229.586743400432
746	0.0	31830.30515909195
747	0.0	22502.560958848335
748	0.0	18760.095076984726
749	0.0	26702.923784265295
750	0.0	26925.610488280654
751	0.0	13703.881159774028
752	0.0	19601.06252017431
753	0.0	32675.079599022865
754	0.0	29030.1573589677
755	0.25	18506.079257310677
756	0.0	6091.727787978016
757	0.0	20262.82085850835
758	0.0	8745.24387717247
759	0.0	4135.013002320193
760	1.0	0.0
761	0.0	35391.52603165712
762	0.0	9083.983510849066
763	0.75	54917.34217805788
764	0.0	16900.76849469915
765	0.25	24305.701174773276
766	0.0	7079.855754505843
767	0.0	10501.609580940567
768	0.0	36915.806400822476
769	0.0	23685.297211399302
770	0.0	28191.590265603736
771	0.0	43995.67135586403
772	0.25	40199.93539930632
773	0.5	47141.238926909864
774	0.0	29934.11643221043
775	0.0	32824.27478162572
776	0.0	28143.606757745147
777	0.0	60337.83333853353
778	0.0	20406.141027226113
779	0.25	63656.17455945661
780	0.0	24415.91396299191
781	0.0	6246.196505264379
782	0.0	7937.116890680045
783	0.0	23033.26065267902
784	0.25	47341.07418451458
785	0.25	22512.56245902429
786	0.0	12885.870643658563
787	1.0	0.0
788	0.0	34386.39552972745
789	0.0	11216.657540993765
790	0.0	33724.81905471068
791	0.25	36677.18187098702
792	0.75	14939.233620185405
793	0.0	19939.919448806904
794	0.0	21210.70290042553
795	0.5	52949.540881905705
796	0.0	44153.77976442687
797	0.25	35876.19977568587
798	0.5	57344.897056464106
799	0.0	25112.70987277385
800	0.0	25904.19186570216
801	0.0	24530.888743698597
802	0.0	30005.56678615976
803	0.0	39371.82070536073
804	0.0	6544.382979860529
805	0.25	51425.804390882455
806	0.0	36931.31432379596
807	0.0	11956.364767276682
808	0.0	32181.31340923719
809	0.0	16049.586020759307
810	1.0	0.0
811	0.0	28003.999728360213
812	0.25	53568.42459815865
813	0.5	12112.218806752935
814	0.25	39504.38163460543
815	1.0	0.0
816	0.25	26013.828075956553
817	0.0	22726.7564634094
818	0.0	23130.39984111674
819	0.0	9224.908575066365
820	0.0	28275.43523418717
821	0.0	12644.938592100516
822	0.5	34676.529868040234
823	0.5	67509.71078756265
824	0.0	30733.34153939504
825	0.25	41678.843926638365
826	0.5	59060.44529005885
827	0.0	13259.846713743173
828	0.5	55296.95617617108
829	0.0	27794.94167957455
830	0.0	31325.88562881574
831	0.0	20670.931605738588
832	0.25	7107.115876395255
833	0.0	37034.588593873195
834	0.0	33763.014360680245
835	0.0	35247.19827133231
836	0.0	19996.333724237047
837	0.75	10220.389785710722
838	0.25	25357.24075635274
839	0.0	36619.668264174834
840	0.0	46934.167689993046
841	0.0	9855.206003878266
842	0.25	36263.28169275075
843	0.0	11321.791045949794
844	0.25	17498.7189952905
845	0.0	8708.360029035248
846	0.25	14030.930315765241
847	0.25	33854.14208487297
848	0.0	34008.685632492416
849	0.0	10594.311787863262
850	0.25	26392.94463178764
851	0.0	30242.099681985565
852	0.0	19914.39119318966
853	0.25	23791.291708437104
854	0.0	54514.24134382978
855	0.0	13625.76327426359
856	0.0	32290.858144522645
857	0.25	17824.12675426652
858	0.25	14055.915845402827
859	0.0	37044.876305619255
860	0.75	44704.13223374635
861	0.0	34957.34231476672
862	0.5	32619.680783478543
863	0.25	4490.94335672756
864	0.25	28411.537099008758
865	0.5	26392.549492884427
866	0.0	45485.58720515575
867	0.0	23926.214243634604
868	0.0	8937.749236356467
869	0.0	12248.40393383056
870	0.75	57397.73680316284
871	0.0	52312.24006379489
872	0.0	22934.638896025717
873	0.25	15099.949386436492
874	0.0	16756.147455540486
875	0.5	47797.922413097695
876	0.0	27666.98115784675
877	0.0	12896.32988977246
878	0.0	13238.601420656778
879	0.0	36749.80306776706
880	0.25	45845.73544779172
881	0.0	34135.8509111451
882	0.0	10574.46031505242
883	0.0	8651.12631523516
884	0.0	1833.2724779611453
885	0.0	19303.710228647105
886	0.0	10186.705677770078
887	0.25	19880.35490565623
888	0.0	31431.75158521626
889	0.25	25409.76665681228
890	0.0	18247.647922253236
891	0.0	31314.23121073749
892	0.0	27962.23298239056
893	0.0	40398.1738940347
894	0.0	5972.746288636699
895	0.0	64337.15561078861
896	0.75	35725.72882287204
897	0.0	13341.714299167506
898	0.0	39361.99636175297
899	0.25	24382.099648627143
900	0.0	42138.34184745792
901	0.0	24055.023910361342
902	0.75	3504.208518192172
903	0.0	17730.244949576445
904	0.0	32731.766839278862
905	0.0	8353.237601695582
906	0.0	27070.713884779252
907	0.5	65625.41086296551
908	0.25	47504.969330038875
909	0.25	21173.492822796106
910	0.0	37425.85755127948
911	0.5	39972.50410891138
912	0.0	46183.24649124406
913	0.0	5101.069256081246
914	0.25	21992.17229693507
915	0.75	8760.021744761616
916	0.0	46855.14827154111
917	0.0	13653.419170062989
918	0.0	20684.60510042496
919	0.25	23815.74833843236
920	0.0	53831.90726127941
921	0.0	50555.00035174191
922	1.0	0.0
923	0.0	16773.34056480322
924	0.0	29412.97127166763
925	0.0	27805.54401385598
926	0.0	15516.358641791157
927	0.25	30921.786279883236
928	0.25	37979.813277721405
929	0.0	26518.119857180864
930	0.25	26927.662201070536
931	0.0	30787.05940407235
932	0.0	3829.998023924418
933	0.0	9407.302588107996
934	0.0	16486.471317126416
935	0.0	56784.540799679235
936	0.0	45051.10966425855
937	0.25	37996.73245226344
938	0.25	46987.97183809802
939	0.0	8295.67219747696
940	0.0	10231.50836979039
941	0.25	35590.82183785116
942	0.0	33626.754518947564
943	0.25	29627.377092217404
944	0.0	30874.339507776313
945	0.0	51137.46138138231
946	0.0	59076.1646181345
947	0.25	33906.34217190867
948	0.5	10069.126445101574
949	0.0	24710.57089790702
950	0.25	28259.628515690565
951	0.0	20725.641998578794
952	0.75	21292.053882963955
953	0.0	13062.251591007225
954	0.0	11205.893999082036
955	0.5	48297.087251907215
956	0.75	19697.913020849228
957	0.0	26339.42998503335
958	0.0	33700.120414374396
959	0.0	16218.081128783524
960	1.0	0.0
961	0.0	7146.435910253786
962	1.0	0.0
963	0.5	9545.701544731855
964	0.0	17385.707152890973
965	0.25	47508.41423263773
966	0.0	17382.089710095897
967	0.0	28288.982731522992
968	0.0	21661.49090998806
969	0.25	38372.24433198571
970	0.0	42754.92067250889
971	0.75	27699.78833803907
972	0.0	17056.370094418526
973	0.0	14372.821545461193
974	0.0	14534.614709671587
975	0.0	29067.765870015137
976	0.0	15591.189094469883
977	0.0	27001.694467733614
978	0.0	18778.115039225668
979	0.25	65162.45886792118
980	0.0	16992.704509641044
981	0.75	75411.71480622143
982	0.25	38775.48472567772
983	0.0	5729.048412526026
984	0.0	3632.2566877352074
985	0.75	8010.2878222242
986	0.0	15935.044096084312
987	0.0	17022.729421034455
988	0.0	6526.261632447131
989	0.75	65534.994629677385
990	0.25	9302.77574667707
991	0.0	5607.426259550266
992	0.0	10175.281700445339
993	0.5	59383.0594306346
994	0.25	31955.95411413039
995	0.25	70687.02442276602
996	0.75	24303.99334896356
997	0.0	43695.42210549116
998	0.25	15862.771343129376
999	0.0	24216.146787046455
1000	1.0	0.0
1001	0.75	87705.69325098768
1002	1.0	0.0
1003	0.75	32335.808855015785
1004	0.0	12078.668484697118
1005	1.0	0.0
1006	0.25	55420.66349073624
1007	0.0	12815.274416236207
1008	0.0	7997.914532083087
1009	0.0	61293.084632605314
1010	0.0	37684.76736557204
1011	0.0	8933.822969323955
1012	1.0	0.0
1013	0.75	63325.34250058234
1014	1.0	0.0
1015	0.0	10341.788796707988
1016	0.0	18627.659349003807
1017	0.0	2578.5555782495067
1018	0.0	30749.18915424496
1019	0.5	12568.028931505978
1020	0.0	4861.801654449664
1021	1.0	0.0
1022	0.75	53.57654904946685
1023	0.0	15604.634010931477
1024	0.25	28640.93384798616
1025	0.0	22344.754583085887
1026	0.25	24495.114295743406
1027	0.25	19433.99576594432
1028	0.0	9549.017218407243
1029	0.25	38644.702591157205
1030	0.25	70670.59591195236
1031	0.0	20407.33593364712
1032	0.25	7492.014145168166
1033	0.0	8140.295613091439
1034	0.5	30765.371288871393
1035	0.25	39253.656858578324
1036	0.0	23489.112855051644
1037	0.0	13616.835391847417
1038	0.0	19090.345047181472
1039	0.0	22351.13710188307
1040	1.0	0.0
1041	0.75	59146.814934909344
1042	0.25	28436.392144300044
1043	0.0	22263.590815709904
1044	0.25	32068.03739971171
1045	0.0	49923.210547538474
1046	0.0	51874.57046168856
1047	0.0	26102.19513834454
1048	0.25	52972.04012299577
1049	0.0	22609.32316223625
1050	0.25	21246.90352504452
1051	0.0	20512.80242030043
1052	0.0	9134.075032779947
1053	0.0	19981.815731851384
1054	0.0	20746.99627258815
1055	0.0	20798.820860218257
1056	0.0	21447.286624577828
1057	0.0	28615.53854472004
1058	1.0	0.0
1059	0.0	28521.473035332747
1060	0.0	31102.74803149514
1061	0.25	49335.78161615878
1062	0.0	10847.601408255287
1063	0.0	15376.52405560948
1064	0.0	30336.990944459103
1065	0.5	6778.2923579216
1066	0.0	17788.727389415726
1067	0.0	36599.412561394274
1068	0.0	7567.079477594234
1069	0.5	51778.36048253812
1070	0.0	52429.59481594153
1071	0.25	36595.75087173531
1072	0.0	52647.95684872661
1073	0.5	57327.67100282945
1074	0.25	16202.047477631519
1075	0.0	29003.964814008214
1076	0.0	38472.60746604297
1077	0.0	25405.064809019677
1078	0.0	26712.583153275773
1079	0.0	25036.466634948738
1080	0.0	25834.501423873007
1081	0.0	31177.578033762984
1082	0.25	12672.408198937774
1083	0.0	4575.03054337576
1084	0.75	22239.868679083884
1085	0.0	26010.9571039211
1086	0.0	15745.185723761097
1087	0.0	35853.57485420536
1088	0.0	22586.12495509442
1089	0.0	12333.90765322838
1090	0.0	13739.342014538124
1091	0.5	42283.56319339946
1092	0.0	34905.52787052002
1093	0.0	21072.699539363384
1094	0.0	20459.153961157426
1095	0.25	26098.059298936278
1096	1.0	0.0
1097	0.0	30770.87781194132
1098	0.0	26501.39019265771
1099	1.0	0.0
1100	1.0	0.0
1101	0.0	39370.29389652889
1102	0.0	22432.853181497194
1103	0.0	4802.968346280977
1104	0.0	32299.15807012003
1105	1.0	0.0
1106	0.0	38987.471815547906
1107	1.0	0.0
1108	0.25	24712.69794118901
1109	0.25	4629.704390652478
1110	0.5	28964.66812491417
1111	0.0	42591.109795845114
1112	0.0	13922.641542507336
1113	1.0	0.0
1114	0.5	18463.04221684113
1115	0.75	68039.62287306786
1116	0.0	17208.000842365436
1117	0.25	21805.96810237815
1118	0.0	22738.41931996867
1119	0.0	35462.37842366099
1120	0.0	33153.47018383909
1121	0.75	3084.7177309915423
1122	1.0	0.0
1123	0.75	42035.673511680216
1124	0.0	17685.85162993986
1125	0.0	32538.28794765286
1126	0.25	19395.031764172018
1127	0.25	23916.706421257306
1128	0.75	7101.027403958142
1129	0.25	27892.41148205474
1130	0.5	42325.040293391794
1131	0.0	4997.979599167593
1132	0.0	27357.70239192061
1133	0.75	45035.94356589019
1134	0.0	24497.054882464
1135	0.0	11636.691246880218
1136	0.5	8995.128120295703
1137	0.5	72365.6866569072
1138	0.0	13768.95276340656
1139	0.0	9289.485265151598
1140	0.0	31300.260749296285
1141	0.0	38333.99479603395
1142	0.0	17692.820293828845
1143	0.0	27424.482375150546
1144	0.0	46365.2871028753
1145	0.0	10196.797976270318
1146	0.0	13282.652568886988
1147	0.0	20608.41072513722
1148	0.0	51212.72188134026
1149	0.0	29127.12171417661
1150	0.0	22701.795178931206
1151	0.0	30500.229582423344
1152	0.0	20912.113392027095
1153	0.0	35469.03973526787
1154	0.25	26207.46355938415
1155	0.25	59786.043309917055
1156	0.0	39626.95466261357
1157	0.0	6373.022704385221
1158	0.0	3841.5269881952554
1159	0.0	32446.83775457088
1160	0.0	15559.63581847027
1161	0.25	61179.10716899981
1162	0.0	36706.034623552114
1163	0.0	23174.60838367697
1164	0.0	19248.857565457
1165	0.0	22161.505689495243
1166	1.0	0.0
1167	0.0	18140.37378691137
1168	0.0	42328.63411551807
1169	0.5	9026.932961540297
1170	0.5	19653.70277967304
1171	0.0	25196.294236462563
1172	0.0	15080.33660321962
1173	0.0	19201.151975779794
1174	0.0	21860.03635195084
1175	0.5	34238.89190540649
1176	0.0	37481.12781555392
1177	0.0	13571.146746282466
1178	0.25	44652.915038944535
1179	0.0	6487.545001553372
1180	0.0	2021.5232158079743
1181	0.75	32822.018657810986
1182	0.75	42382.412099745125
1183	0.0	14215.844861464575
1184	0.25	22933.17806130896
1185	0.25	27649.431814284373
1186	0.5	37536.81912412867
1187	0.5	25572.776884539053
1188	0.25	24294.422696654994
1189	0.0	13153.915720526129
1190	1.0	0.0
1191	0.0	58069.89738554694
1192	0.0	28906.483480124734
1193	0.0	7386.0907522030175
1194	0.25	10695.137617799142
1195	0.25	48106.82791316261
1196	0.0	10255.61381073203
1197	0.0	21195.960173383355
1198	0.25	29182.100653803598
1199	0.0	10277.413236210123
1200	0.0	70235.31575524248
1201	0.0	22104.76104170084
1202	0.5	60666.01082240231
1203	0.0	7538.394540897571
1204	0.0	11068.553099641576
1205	0.0	33131.1850247439
1206	0.5	49227.00773086399
1207	0.75	45525.58709401637
1208	0.0	22313.81622562185
1209	0.0	26976.393806864507
1210	0.0	11451.17854687851
1211	0.25	9735.14261515811
1212	0.0	37698.26393213589
1213	0.5	24714.835975086316
1214	0.25	37976.491160690784
1215	0.25	16182.733823390057
1216	0.0	41919.89312530495
1217	0.5	75786.87653969973
1218	0.0	30930.65866699908
1219	0.5	52904.25156499259
1220	1.0	0.0
1221	1.0	0.0
1222	1.0	0.0
1223	0.25	27657.008341203134
1224	0.5	14100.237668957561
1225	0.0	62261.81253360119
1226	0.0	20927.34691768419
1227	0.75	4941.685515921563
1228	1.0	0.0
1229	0.0	30551.294830511324
1230	0.25	38244.880047005914
1231	0.0	34787.48132730834
1232	0.0	28184.668267029338
1233	0.25	32048.500660651673
1234	0.25	42938.4050052613
1235	1.0	0.0
1236	0.0	7458.253437071107
1237	0.5	23228.92749751918
1238	0.0	30314.541050815023
1239	1.0	0.0
1240	0.5	37644.06290324405
1241	0.25	13669.990605519464
1242	0.0	32815.22928876802
1243	0.0	27548.225174541585
1244	0.0	24873.779522720724
1245	0.5	37026.19102061726
1246	0.5	26061.73675181344
1247	0.75	28565.939052030444
1248	0.0	19468.59617694281
1249	1.0	0.0
1250	0.0	11791.402290109545
1251	0.5	52438.0567308981
1252	0.75	27247.431112919003
1253	0.0	16996.857435558923
1254	0.0	19896.535056759603
1255	1.0	0.0
1256	0.0	12930.573055637069
1257	0.25	11076.590895652771
1258	0.25	18904.02660689627
1259	0.0	20252.07112543285
1260	0.0	34393.34405155387
1261	0.0	13648.081318009645
1262	0.0	53507.61308474466
1263	1.0	0.0
1264	0.0	46436.834635795094
1265	0.0	5654.21929047443
1266	1.0	0.0
1267	0.0	32141.52991725132
1268	0.0	17622.436831705272
1269	0.0	6056.9088199408725
1270	0.0	18520.972976228222
1271	0.75	34216.83816611767
1272	0.0	17001.956841675565
1273	0.0	42932.70063679665
1274	0.0	27317.983158514835
1275	0.0	38891.64817798883
1276	0.0	21715.782830957323
1277	1.0	0.0
1278	0.0	15575.959238223732
1279	0.0	44788.22705952916
1280	0.0	28627.24731187336
1281	0.0	33932.65544937458
1282	0.0	19701.655655400828
1283	0.25	65018.83571501821
1284	0.0	6281.278474954888
1285	0.0	23329.67522519175
1286	0.75	30427.777831908315
1287	1.0	0.0
1288	0.25	33177.02792103713
1289	0.25	43506.55755912885
1290	0.0	37883.30236345064
1291	0.25	47509.87039910009
1292	0.25	23312.664565319817
1293	0.0	36469.48159777094
1294	0.25	23602.955004045118
1295	0.0	16667.28114138823
1296	0.0	19759.604336577468
1297	0.25	52032.69233802954
1298	0.5	46318.088178522885
1299	1.0	0.0
1300	0.0	10559.49598515872
1301	0.0	38864.5006720908
1302	0.5	27753.582740435377
1303	1.0	0.0
1304	0.0	18300.709832110442
1305	0.5	37576.075091958046
1306	0.0	7625.373454997316
1307	0.0	51945.42916340288
1308	0.0	19517.427788116038
1309	0.0	9176.452557556331
1310	0.25	65783.36908994243
1311	0.0	29057.631426141597
1312	0.25	27452.47113270064
1313	0.0	34819.91965905763
1314	0.75	50304.658965207636
1315	0.75	10686.649670824409
1316	1.0	0.0
1317	0.0	6706.74324920401
1318	0.0	18580.84215724375
1319	0.25	50476.88686971863
1320	0.25	52862.081995699555
1321	0.0	41875.641937716864
1322	0.0	15255.561853642575
1323	1.0	0.0
1324	0.25	31643.49723700434
1325	0.0	55109.37980981544
1326	0.0	9434.647753019817
1327	0.25	9486.43814958632
1328	0.5	20109.108947450295
1329	0.25	44357.742543021835
1330	0.0	13932.476794812828
1331	0.5	51245.506185339764
1332	1.0	0.0
1333	0.25	22627.350045833737
1334	1.0	0.0
1335	0.75	51278.04810088128
1336	0.0	20711.802706937306
1337	0.0	22508.588906028308
1338	1.0	0.0
1339	0.0	26430.837483610958
1340	0.0	34623.33545566071
1341	0.0	18059.315481921658
1342	0.75	26927.38819681108
1343	0.25	29239.63953042403
1344	0.0	26190.35744701978
1345	0.5	36649.79223604314
1346	0.25	29384.762323461473
1347	1.0	0.0
1348	0.0	33603.99633576162
1349	0.0	27021.210935898125
1350	0.5	48886.68604916893
1351	0.0	10643.809848697856
1352	0.25	28768.84978590533
1353	0.5	49188.82610485889
1354	0.25	46358.78631596764
1355	0.25	20885.555260969948
1356	0.0	9450.746717629954
1357	0.0	10562.968381447718
1358	0.0	10295.718932524323
1359	0.0	16842.34925219789
1360	1.0	0.0
1361	0.5	12235.568089410663
1362	0.0	35451.7617856618
1363	0.0	17393.831700086594
1364	0.0	15598.507331917062
1365	0.5	50690.32031088136
1366	0.0	14459.464440587908
1367	0.0	29882.796117686667
1368	0.75	26413.927122950554
1369	0.0	6530.07824276574
1370	0.25	32752.51873691256
1371	0.0	15141.567794373259
1372	0.25	59598.33447774872
1373	0.75	6365.527325775474
1374	0.5	21357.799547957256
1375	0.0	24434.25248726271
1376	0.5	41329.609835054725
1377	0.5	51281.371337361634
1378	0.0	44009.14426823147
1379	0.0	6735.690086730756
1380	0.0	37686.99091183953
1381	0.0	21326.067799236625
1382	0.25	30730.022402325023
1383	0.25	28896.643723982077
1384	0.5	20687.715877080336
1385	0.25	26252.76103258754
1386	0.25	33968.757189810276
1387	0.75	20507.55507312715
1388	0.25	30714.40423093736
1389	0.0	26087.538506719284
1390	0.0	12212.086526211351
1391	1.0	0.0
1392	1.0	0.0
1393	0.75	66649.97453382239
1394	0.5	64418.87061065063
1395	0.0	9320.472574559972
1396	0.25	54065.968857922904
1397	0.5	64723.962848307565
1398	0.75	65561.96601688862
1399	0.0	23758.087549824268
1400	0.25	26217.764904877793
1401	0.25	12930.605779401958
1402	0.5	44677.87117441185
1403	0.0	8322.204384603538
1404	0.25	10420.89287812511
1405	0.25	45762.18857352311
1406	1.0	0.0
1407	1.0	0.0
1408	0.75	19683.612696826458
1409	0.0	34090.06816428155
1410	1.0	0.0
1411	0.5	65582.69506134093
1412	0.25	27985.56799767539
1413	0.0	18396.416222210974
1414	0.75	23534.082798287272
1415	0.0	48312.20468622632
1416	0.0	39874.15012251586
1417	0.75	65296.8726423569
1418	0.25	47404.68469525998
1419	0.0	18801.13138607703
1420	0.25	67213.38353476797
1421	0.25	32264.968218437087
1422	0.0	38002.44032707997
1423	0.0	22480.275124544278
1424	0.5	8138.416041620076
1425	0.0	13540.417148033157
1426	0.25	56905.857118001826
1427	0.0	48151.9123876933
1428	0.0	29102.83062432427
1429	0.25	36238.54194736729
1430	0.0	39092.390332371
1431	0.0	40118.066805414855
1432	0.0	6454.517956241034
1433	0.0	23395.997832762077
1434	0.0	43941.63290900178
1435	0.0	9581.52081782464
1436	0.75	27615.78551493585
1437	1.0	0.0
1438	0.0	49685.4406890925
1439	0.0	46299.39389927313
1440	0.25	57755.95882534981
1441	0.0	26074.124634382315
1442	0.0	17541.08542460017
1443	1.0	0.0
1444	0.75	32205.70824900642
1445	0.25	43606.24127105499
1446	0.0	28730.018847505562
1447	1.0	0.0
1448	1.0	0.0
1449	0.5	43529.6883743722
1450	0.5	77624.43286529742
1451	1.0	0.0
1452	1.0	0.0
1453	0.5	22265.730993356556
1454	0.5	16589.554310543463
1455	0.5	17157.229252625257
1456	0.25	21808.74383014937
1457	1.0	0.0
1458	0.25	41489.48783163602
1459	0.0	24745.870805927552
1460	0.0	17458.473791368306
1461	0.0	34767.3342009075
1462	0.25	20313.60660167411
1463	0.25	39004.33481795093
1464	0.0	56185.490420786664
