# <Puzzle index>	<Unsolved percentage>	<Average solve time (ms)>
0	1.0	-1
1	1.0	-1
2	0.75	77574.51961701736
3	1.0	-1
4	0.75	43354.80160173029
5	1.0	-1
6	1.0	-1
7	1.0	-1
8	1.0	-1
9	1.0	-1
10	1.0	-1
11	1.0	-1
12	1.0	-1
13	1.0	-1
14	1.0	-1
15	1.0	-1
16	1.0	-1
17	1.0	-1
18	0.75	29699.7697269544
19	1.0	-1
20	1.0	-1
21	1.0	-1
22	1.0	-1
23	1.0	-1
24	1.0	-1
25	0.75	58915.363806299865
26	1.0	-1
27	0.75	1174.8413261957467
28	1.0	-1
29	1.0	-1
30	0.75	17006.020158994943
31	1.0	-1
32	1.0	-1
33	1.0	-1
34	1.0	-1
35	0.75	86734.35866367072
36	1.0	-1
37	1.0	-1
38	0.75	52848.46049873158
39	1.0	-1
40	1.0	-1
41	1.0	-1
42	1.0	-1
43	1.0	-1
44	1.0	-1
45	1.0	-1
46	1.0	-1
47	1.0	-1
48	1.0	-1
49	1.0	-1
50	1.0	-1
51	0.75	79928.38086886331
52	1.0	-1
53	0.75	26739.42065332085
54	1.0	-1
55	1.0	-1
56	1.0	-1
57	0.75	77355.84312770516
58	1.0	-1
59	1.0	-1
60	1.0	-1
61	0.75	68830.05798095837
62	1.0	-1
63	1.0	-1
64	0.75	42060.510587412864
65	1.0	-1
66	1.0	-1
67	1.0	-1
68	1.0	-1
69	0.75	52335.21874202415
70	0.75	41368.66480577737
71	1.0	-1
72	1.0	-1
73	1.0	-1
74	1.0	-1
75	1.0	-1
76	0.0	31743.052197503857
77	0.75	60898.45905127004
78	1.0	-1
79	0.75	21862.395726609975
80	1.0	-1
81	1.0	-1
82	1.0	-1
83	1.0	-1
84	1.0	-1
85	0.75	87413.89575134963
86	1.0	-1
87	1.0	-1
88	0.0	46748.70085448492
89	1.0	-1
90	1.0	-1
91	0.75	11436.088926158845
92	1.0	-1
93	0.0	37185.39682717528
94	1.0	-1
95	1.0	-1
96	1.0	-1
97	0.75	75392.67994975671
98	1.0	-1
99	1.0	-1
100	1.0	-1
101	1.0	-1
102	1.0	-1
103	1.0	-1
104	1.0	-1
105	1.0	-1
106	1.0	-1
107	1.0	-1
108	1.0	-1
109	1.0	-1
110	1.0	-1
111	1.0	-1
112	0.0	39807.74797615595
113	1.0	-1
114	1.0	-1
115	1.0	-1
116	1.0	-1
117	1.0	-1
118	1.0	-1
119	1.0	-1
120	0.75	38605.362348258495
121	1.0	-1
122	1.0	-1
123	1.0	-1
124	0.25	14586.13579099377
125	1.0	-1
126	1.0	-1
127	1.0	-1
128	0.75	63771.670911926776
129	0.0	24861.458976985887
130	1.0	-1
131	0.75	42415.87790707126
132	0.5	53844.47672753595
133	1.0	-1
134	1.0	-1
135	1.0	-1
136	1.0	-1
137	1.0	-1
138	1.0	-1
139	0.75	57764.579195994884
140	0.5	25440.196483163163
141	1.0	-1
142	1.0	-1
143	0.75	37621.14432733506
144	1.0	-1
145	1.0	-1
146	0.75	19954.541670624167
147	1.0	-1
148	1.0	-1
149	1.0	-1
150	1.0	-1
151	1.0	-1
152	0.75	6568.075770046562
153	1.0	-1
154	1.0	-1
155	0.0	23809.264535200782
156	0.75	46390.76508581638
157	1.0	-1
158	0.75	59742.64863599092
159	0.5	25918.02224610001
160	1.0	-1
161	1.0	-1
162	1.0	-1
163	1.0	-1
164	0.75	39467.29599777609
165	1.0	-1
166	1.0	-1
167	1.0	-1
168	0.75	25748.932473361492
169	1.0	-1
170	1.0	-1
171	1.0	-1
172	1.0	-1
173	0.75	44785.09361622855
174	1.0	-1
175	0.75	69736.94947734475
176	0.5	31658.170168288052
177	1.0	-1
178	0.75	31317.728095222265
179	1.0	-1
180	0.0	22366.531999665312
181	0.5	54995.57322496548
182	1.0	-1
183	1.0	-1
184	1.0	-1
185	1.0	-1
186	0.0	29007.732000667602
187	1.0	-1
188	0.0	16986.742359702475
189	0.75	32521.85650775209
190	1.0	-1
191	0.75	42248.37938277051
192	1.0	-1
193	1.0	-1
194	1.0	-1
195	1.0	-1
196	0.0	21394.167012767866
197	1.0	-1
198	1.0	-1
199	0.25	43017.03588695576
200	0.0	40601.84878204018
201	1.0	-1
202	0.0	18083.385343197733
203	0.25	34761.00553354869
204	0.5	45170.54598266259
205	0.75	74090.12447390705
206	0.0	15454.487256822176
207	1.0	-1
208	1.0	-1
209	1.0	-1
210	0.75	30149.280884303153
211	1.0	-1
212	0.75	56816.97414815426
213	1.0	-1
214	0.0	17771.684233215638
215	0.25	22612.97734019657
216	0.0	38049.91539113689
217	1.0	-1
218	1.0	-1
219	1.0	-1
220	1.0	-1
221	1.0	-1
222	1.0	-1
223	0.0	6444.455508957617
224	0.0	15115.615059039555
225	1.0	-1
226	1.0	-1
227	0.0	14030.000867787749
228	0.25	42386.28594111651
229	0.75	28694.223198108375
230	0.25	21699.434600304812
231	0.0	39893.7513140263
232	1.0	-1
233	1.0	-1
234	0.0	23574.04437812511
235	1.0	-1
236	1.0	-1
237	0.75	31988.99613460526
238	1.0	-1
239	0.25	52672.98747909566
240	0.25	31895.204754546285
241	1.0	-1
242	1.0	-1
243	0.0	31344.797938596457
244	0.5	49267.22711347975
245	0.0	25625.756393070333
246	0.0	35992.77730030008
247	0.25	40488.471569803856
248	0.25	53495.333035631724
249	1.0	-1
250	0.0	42848.514411831275
251	0.0	41029.93700793013
252	1.0	-1
253	1.0	-1
254	0.25	11439.550953296324
255	1.0	-1
256	1.0	-1
257	0.0	26642.579286475666
258	0.25	17130.43282770862
259	0.5	22937.119174282998
260	0.0	11153.075926704332
261	0.25	36691.365867232285
262	0.25	52300.70197147628
263	1.0	-1
264	0.0	31028.03326479625
265	0.75	36372.43143795058
266	1.0	-1
267	0.25	48580.05082746968
268	0.5	43487.77754791081
269	0.0	7259.615383227356
270	0.75	50237.16252204031
271	0.0	31046.76909430418
272	0.0	36065.4079032829
273	0.25	23148.21023416395
274	1.0	-1
275	0.0	8850.916634779423
276	0.75	29398.645273875445
277	0.0	17938.16657445859
278	0.25	61767.513540262975
279	0.0	18537.49348933343
280	0.75	70813.26832203194
281	0.75	11374.41500928253
282	1.0	-1
283	0.25	18253.330525010824
284	0.0	15742.847538786009
285	1.0	-1
286	0.0	16305.998410796747
287	0.0	47204.743131413125
288	0.25	55011.88822602853
289	1.0	-1
290	0.75	77564.13401197642
291	1.0	-1
292	0.75	81110.5715460144
293	1.0	-1
294	0.75	54559.60774095729
295	0.5	22415.659085614607
296	0.0	42583.546399953775
297	0.5	16194.471982074901
298	1.0	-1
299	0.75	23637.54837727174
300	1.0	-1
301	0.0	10200.36939845886
302	0.0	59198.68369435426
303	0.25	43876.289045748614
304	0.25	26357.40049602464
305	0.25	45012.564366062485
306	0.75	52022.128091193736
307	0.75	65723.5570307821
308	1.0	-1
309	0.0	17915.827387594618
310	0.5	47455.89019963518
311	0.0	34274.06394178979
312	0.0	46615.60196697246
313	0.75	87532.10903797299
314	0.0	25280.12294624932
315	0.0	28037.515189964324
316	0.0	54226.94362944458
317	0.5	42701.0903195478
318	0.0	20977.021778584458
319	0.0	16913.94931508694
320	0.5	26970.96708184108
321	0.0	49049.312960822135
322	0.5	30323.763280408457
323	0.0	40332.30103796814
324	0.5	54177.54092020914
325	1.0	-1
326	1.0	-1
327	0.0	39435.20271242596
328	0.0	29862.07678890787
329	1.0	-1
330	0.0	36742.35232232604
331	0.0	18364.738485426642
332	0.0	28054.03919063974
333	1.0	-1
334	0.0	17844.684128416702
335	1.0	-1
336	0.0	13981.381819117814
337	0.0	43329.83706903178
338	1.0	-1
339	1.0	-1
340	0.0	26705.79480298329
341	0.5	21064.047847641632
342	0.25	39924.09828150024
343	1.0	-1
344	0.0	18914.9128862191
345	0.75	23911.03419708088
346	0.25	24514.528058934957
347	0.0	25112.326618633233
348	0.25	53524.00910031671
349	0.25	22367.25292308256
350	0.0	24108.733672299422
351	0.0	5738.280262215994
352	0.25	36757.533833229296
353	0.0	26635.02438168507
354	0.0	54894.89256264642
355	0.0	29956.761204637587
356	0.0	32087.50858041458
357	0.5	13852.910078829154
358	0.0	21544.338515610434
359	0.0	22382.149187731557
360	0.0	13414.117772947066
361	0.25	22607.272612707067
362	0.25	30138.65580363199
363	0.0	5537.693547899835
364	0.0	30628.242491162382
365	1.0	-1
366	0.0	10074.826267082244
367	0.25	43931.14414609348
368	0.0	17916.63830028847
369	0.0	21744.704672135413
370	0.0	20881.41375069972
371	0.0	11410.366652184166
372	0.25	63180.94761297107
373	0.0	7763.409913866781
374	0.25	43577.202315907925
375	0.5	18821.673785336316
376	0.25	37992.26812537139
377	0.0	43757.10143393371
378	0.0	24455.669533694163
379	0.75	12197.077323216945
380	0.25	55627.004334858306
381	0.25	51321.792186548315
382	0.5	42257.16610648669
383	0.25	45293.26872061938
384	1.0	-1
385	0.0	11790.903768967837
386	0.0	27877.627203590237
387	0.0	14358.680516132154
388	1.0	-1
389	1.0	-1
390	0.75	71982.23636997864
391	0.25	48779.95742174486
392	1.0	-1
393	0.25	34389.59198010465
394	0.25	24407.801222987473
395	1.0	-1
396	0.5	32623.789608478546
397	0.5	4919.0328400582075
398	1.0	-1
399	0.0	10229.875080753118
400	0.0	42702.42964068893
401	0.25	27331.758089829236
402	0.0	28996.42504786607
403	0.0	8379.689150373451
404	1.0	-1
405	0.5	49795.96740799025
406	0.0	39368.12848097179
407	0.0	13017.965289996937
408	0.0	11795.848349342123
409	0.25	29078.40457651764
410	0.25	26029.18660702805
411	0.0	19235.800482798368
412	0.75	22917.941187042743
413	0.0	21900.768820545636
414	0.0	38874.028823454864
415	0.0	42720.443099271506
416	0.0	15415.710300090723
417	0.0	24018.046605749987
418	0.0	38345.67279962357
419	0.0	4858.112120768055
420	1.0	-1
421	0.0	13379.231523373164
422	0.0	18000.55912625976
423	0.0	9490.34962092992
424	0.5	30461.743485182524
425	0.0	27357.30530123692
426	0.25	6886.989868866901
427	0.0	9593.693682341836
428	1.0	-1
429	0.5	30316.16931105964
430	0.0	46989.960783859715
431	0.0	22817.242589546368
432	0.0	43766.5816367371
433	0.0	42651.28794580232
434	0.75	28141.97186473757
435	0.0	11427.38101631403
436	0.0	27616.97184748482
437	0.25	11359.489594275752
438	0.0	25236.065819277428
439	0.75	29488.657821901143
440	0.0	28724.948534509167
441	1.0	-1
442	0.0	10973.27475657221
443	0.25	54476.659278851
444	0.0	43047.21353284549
445	1.0	-1
446	0.0	20776.627544662915
447	0.0	50610.62460322864
448	0.25	19435.917729356635
449	0.0	28832.66614296008
450	0.0	31645.427744369954
451	0.25	28643.62624535958
452	1.0	-1
453	1.0	-1
454	0.25	30030.912077830482
455	0.0	30195.87038643658
456	0.0	30079.892016830854
457	0.25	8323.848956264555
458	0.25	59109.307524282485
459	0.25	29853.864699446905
460	0.0	52854.77121034637
461	0.0	40918.04300446529
462	0.25	24191.863858761888
463	0.0	16150.657904916443
464	0.0	24777.29759691283
465	1.0	-1
466	0.0	17820.538677391596
467	0.5	36956.53331768699
468	0.0	22671.71618482098
469	0.25	12151.604558496425
470	1.0	-1
471	0.0	13893.356421845965
472	0.0	12367.768560536206
473	0.25	33434.318939223886
474	0.5	35689.621835015714
475	1.0	-1
476	0.0	7206.5893589751795
477	0.0	29103.843218646944
478	0.0	9888.733251718804
479	0.25	29355.78653262928
480	0.0	26301.225766190328
481	0.75	83498.82323015481
482	0.0	14495.861706673168
483	0.0	51302.74523445405
484	0.25	63776.68242466947
485	0.0	27864.083416410722
486	0.25	86034.26377056167
487	0.0	11289.42572325468
488	0.0	24600.16293323133
489	0.0	7759.044064674526
490	0.0	17387.59171415586
491	1.0	-1
492	0.0	40396.24229748733
493	0.0	41133.480826043524
494	0.0	23848.826402099803
495	0.0	40997.38802504726
496	0.0	61519.62322939653
497	0.0	6085.541799198836
498	0.25	39943.55417896683
499	0.0	15021.011551260017
500	0.75	8575.351460836828
501	0.0	19628.486016881652
502	0.0	23137.721096514724
503	0.0	28099.278623238206
504	0.0	29370.76421722304
505	0.5	66141.20443305
506	0.0	27459.134423406795
507	0.0	33033.84452662431
508	0.0	18870.831844978966
509	0.5	25558.80184005946
510	0.0	14421.015867497772
511	0.0	22268.54468684178
512	0.0	35272.319369367324
513	0.0	27241.010299883783
514	0.0	17610.577326151542
515	0.0	18268.70247873012
516	0.0	22013.231238466688
517	0.25	35484.129735113434
518	0.0	35507.62419204693
519	0.25	17530.279271304607
520	0.0	20224.053158657625
521	0.0	20392.623450723477
522	0.0	16022.716064820997
523	0.0	35879.11579152569
524	0.75	50012.70891493186
525	0.0	31360.135847586207
526	0.0	14876.35638716165
527	0.5	72618.02942142822
528	0.0	12466.581906774081
529	0.0	29709.331921534613
530	0.0	42795.564004336484
531	0.25	29558.24879091233
532	0.5	47509.072568267584
533	1.0	-1
534	0.0	29081.002786639147
535	1.0	-1
536	0.0	7915.716552408412
537	0.0	28041.323847370222
538	0.0	21602.60643507354
539	0.0	7245.366211631335
540	0.5	23879.140689969063
541	0.0	33851.15964268334
542	0.0	37540.04600155167
543	0.0	33559.17768017389
544	0.0	28978.18674496375
545	0.5	12782.067496096715
546	0.5	32276.3721824158
547	0.0	35940.90739253443
548	0.25	33300.959972664714
549	0.0	29385.554122156464
550	0.0	34328.00164539367
551	0.5	6483.296173159033
552	0.25	34320.92211504156
553	0.0	60307.369080837816
554	0.0	1687.807003618218
555	0.0	32891.33892848622
556	0.0	23881.6463194089
557	1.0	-1
558	0.0	14730.355535750277
559	0.5	63251.27983628772
560	0.25	30778.923373979826
561	0.0	51898.77362677362
562	0.0	45834.20229982585
563	0.0	10460.603313636966
564	0.0	24523.877284605987
565	0.25	46670.63134831066
566	0.0	20203.951132367365
567	0.0	47588.735632714815
568	0.0	39041.91680031363
569	1.0	-1
570	0.0	50470.84149566945
571	0.0	16442.05129495822
572	0.0	8178.3665486145765
573	0.0	16166.3044935558
574	0.0	3364.6934820571914
575	0.0	47719.39174027648
576	0.0	15985.601517837495
577	0.0	15936.20835931506
578	0.5	18837.023777887225
579	0.5	24092.932677594945
580	0.0	24160.981055814773
581	0.25	13239.519840106368
582	0.0	29353.604097734205
583	0.25	32999.41793239365
584	0.25	54182.955579366535
585	0.0	21648.89344375115
586	0.0	15975.398048060015
587	0.0	23161.44837345928
588	0.0	26805.258269188926
589	0.25	47411.36229597032
590	0.0	15968.881268752739
591	0.25	35543.55204493428
592	0.0	26919.01172476355
593	0.0	27067.454862990417
594	0.0	21891.945237177424
595	0.5	41447.791904676706
596	0.0	27451.321634929627
597	0.0	36392.32320396695
598	0.0	39518.016628338955
599	0.25	32909.70812846596
600	0.0	31148.78999022767
601	0.0	16260.686224210076
602	0.75	66229.62419735268
603	0.0	12600.166129413992
604	0.25	47295.36926513538
605	0.0	33108.40256954543
606	1.0	-1
607	0.0	53390.450364211574
608	0.5	25075.80759236589
609	0.5	21155.81187652424
610	0.0	16812.91811913252
611	0.0	17846.245373948477
612	0.0	23997.20273958519
613	0.5	22365.56486785412
614	0.25	18877.869406404596
615	0.0	13671.89089616295
616	1.0	-1
617	0.25	24587.776112059753
618	0.0	6567.3855260247365
619	0.0	24023.28142162878
620	0.0	47976.42961749807
621	0.0	32721.998425316997
622	0.25	34340.924034981676
623	0.0	31336.467036046088
624	1.0	-1
625	0.0	32106.48462327663
626	0.0	20465.131849399768
627	0.25	57922.5659162427
628	0.0	14618.698327685706
629	0.0	8660.144665278494
630	0.25	21417.26011844973
631	0.0	28675.936007522978
632	0.0	26390.38630039431
633	0.25	39464.85295301924
634	0.0	42756.98390707839
635	0.0	8950.426161056384
636	0.0	55996.124911122024
637	0.0	34126.49036152288
638	0.0	35612.07847157493
639	0.25	51072.894676122814
640	0.0	56257.77855468914
641	0.0	36629.884928581305
642	0.0	39549.0433605155
643	0.0	21707.703636260703
644	0.5	32473.49312971346
645	0.25	19442.68609971429
646	0.0	37553.24533721432
647	0.0	16906.36976098176
648	0.0	8637.15871621389
649	0.0	33842.23002928775
650	0.0	39407.867373898625
651	0.25	25487.725179332
652	0.0	28003.86447191704
653	0.75	31514.482628088444
654	0.25	10898.927283162871
655	0.0	25373.935922747478
656	0.0	34861.765206209384
657	0.25	27394.863312908758
658	0.0	9627.731801127084
659	0.0	13199.567174888216
660	0.0	42747.912178514525
661	0.5	12337.684294907376
662	0.0	42395.32452786807
663	0.5	66997.12645844556
664	0.25	44123.69464819009
665	0.0	8670.85160408169
666	0.0	26359.505231608637
667	0.25	33078.68142565712
668	0.25	8979.232089749226
669	0.25	38015.698858692
670	0.0	19361.56117916107
671	0.25	16164.461046922952
672	1.0	-1
673	0.0	29575.793572352268
674	0.75	53672.95657703653
675	0.0	38505.54903072771
676	0.0	11480.352021753788
677	0.0	32827.24929379765
678	0.0	17586.444232147187
679	0.0	44419.84991345089
680	1.0	-1
681	0.25	35820.22446704408
682	0.0	31790.940518607385
683	0.25	21798.767707310617
684	0.0	8790.450328495353
685	0.0	15275.543753174134
686	0.25	29129.2006635728
687	0.0	27725.47608066816
688	0.0	19380.09359978605
689	0.5	24463.08549051173
690	0.0	20507.741413312033
691	0.0	26605.36215279717
692	0.0	20815.146623528562
693	0.0	32498.957304283977
694	0.0	23202.11181079503
695	0.0	13262.175669427961
696	0.0	29408.91910798382
697	0.75	78280.73434904218
698	0.0	33601.47549037356
699	0.0	6281.63784602657
700	0.0	15897.741776541807
701	0.0	8175.024317810312
702	0.0	10909.17243855074
703	0.0	28541.161447763443
704	0.0	30650.135350530036
705	0.0	14762.904040049762
706	0.25	54605.911549180746
707	0.5	75766.9832741376
708	0.25	47487.197698404394
709	0.0	11046.727237524465
710	1.0	-1
711	0.0	18236.89222021494
712	0.0	12610.727356979623
713	0.0	12784.175137290731
714	0.5	18767.19436980784
715	0.25	56074.11784864962
716	0.0	8287.215228425339
717	0.25	29826.122673694044
718	0.25	18611.549094008904
719	0.5	28487.609304953367
720	0.0	30213.090101489797
721	0.0	13915.960025275126
722	0.0	23850.77525151428
723	0.25	32446.985187319417
724	0.0	21265.65493119415
725	0.0	38168.52918150835
726	0.0	27877.08517780993
727	0.0	14662.133803358302
728	0.25	13024.821230055144
729	0.0	18978.890712955035
730	0.5	42133.45947209746
731	0.0	65488.310673623346
732	0.0	26288.44778914936
733	0.0	12696.994819911197
734	0.0	43396.15204872098
735	0.25	20582.302962119382
736	0.5	8081.37565292418
737	0.25	34772.15935243294
738	0.25	59119.38861571252
739	0.75	22094.772768206894
740	0.25	23420.440696024645
741	0.0	32898.19672354497
742	0.25	27396.965303923935
743	0.0	33879.06788603868
744	0.0	17510.77652303502
745	0.0	49000.6263195537
746	0.0	42153.47804897465
747	0.0	18768.372138612904
748	0.25	52124.29142339776
749	0.0	8648.42196693644
750	0.25	35745.664193605386
751	0.0	10800.021613831632
752	0.0	48301.99054267723
753	0.0	31832.46060507372
754	0.25	34720.39658902213
755	0.75	21935.368603095412
756	0.0	21451.73738594167
757	0.0	24154.56979512237
758	0.0	16103.913684841245
759	0.0	61238.803133019246
760	1.0	-1
761	0.5	66559.47654158808
762	0.0	13702.576528070495
763	0.75	30109.32617634535
764	0.25	37454.33083875105
765	0.25	18603.610708378255
766	0.0	15943.75708734151
767	0.0	41338.57962116599
768	0.25	39970.04058972622
769	0.25	45578.00904925292
770	0.0	39574.20124858618
771	0.25	26590.48628776024
772	0.25	38996.89351844912
773	0.0	16101.664842688479
774	0.5	68574.68980900012
775	0.0	29881.199049181305
776	0.25	25595.26230689759
777	0.5	35333.08454090729
778	0.0	30544.272093335167
779	0.5	45131.34077494033
780	0.0	22663.940806640312
781	0.0	30535.19756020978
782	0.0	10691.504238988273
783	0.0	27973.626195220277
784	0.0	51895.36678220611
785	0.25	25013.278608676046
786	0.0	15689.162095193751
787	1.0	-1
788	0.0	12574.554071296006
789	0.0	20102.234730962664
790	0.0	29193.319562007673
791	0.0	16867.314143804833
792	0.25	50504.13314330702
793	0.0	15276.369705796242
794	0.0	32567.24576302804
795	0.5	16081.997488625348
796	0.25	63253.12437365452
797	0.0	39783.3473070059
798	0.25	13008.431911778947
799	0.0	46940.88548317086
800	0.0	2212.5378391938284
801	0.0	24145.721877692267
802	0.0	29296.44953890238
803	0.25	31563.611943119515
804	0.0	38302.26823373232
805	0.5	10912.23386535421
806	0.0	18446.22847973369
807	0.0	5438.795243622735
808	0.0	25904.621168388985
809	0.0	11420.845836168155
810	1.0	-1
811	0.0	6379.679617006332
812	0.75	83388.01571028307
813	0.5	49286.62328328937
814	0.25	16707.69467484206
815	0.75	44639.84143873677
816	0.0	58143.37408938445
817	0.0	37406.4487189753
818	0.0	29178.99481987115
819	0.0	37612.8365638433
820	0.0	22074.572284473106
821	0.0	13942.541762371548
822	0.75	39042.79253492132
823	0.25	32462.243476416916
824	0.0	12980.248266132548
825	0.5	79131.41958555207
826	0.75	5262.058672029525
827	0.0	11770.017325994559
828	0.25	38401.0156391499
829	0.25	31662.010012504954
830	0.0	22867.258706712164
831	0.0	27049.917398951948
832	0.0	11988.002570462413
833	0.0	39676.233630627394
834	0.0	35721.63338330574
835	0.0	12165.484063792974
836	0.0	16416.948326164857
837	0.5	60047.3834190052
838	0.25	58681.76049754644
839	0.0	49088.58154411428
840	0.0	35156.23764204793
841	0.0	12449.946084525436
842	0.25	41264.74255789071
843	0.0	12703.062668209895
844	0.25	31419.071937600773
845	0.0	11103.239213232882
846	0.0	17037.159418105148
847	0.0	31715.76298121363
848	0.0	6483.867762610316
849	0.0	23133.040676242672
850	0.0	29874.35591907706
851	0.0	33137.784969760105
852	0.0	12133.724872488528
853	0.0	12697.64850451611
854	0.0	45475.61115352437
855	0.0	17267.02202297747
856	0.25	10492.966832437864
857	0.0	36079.709347570315
858	0.0	52962.42552890908
859	0.0	22114.04219432734
860	1.0	-1
861	0.0	31619.807791314088
862	0.25	55050.94422757005
863	0.0	26995.414890465327
864	0.0	33149.55488767009
865	0.25	19498.75331297517
866	0.0	33343.21402537171
867	0.0	12458.467438467778
868	0.0	44044.33873691596
869	0.0	22676.497807959095
870	0.5	13104.586606612429
871	0.0	14745.485986000858
872	0.0	30249.569741426967
873	0.25	36591.73366256679
874	0.0	31988.66700846702
875	0.0	30768.03407398984
876	0.0	5090.038087568246
877	0.0	13884.369032573886
878	0.0	5688.6522674467415
879	0.0	19874.014576082118
880	0.5	27404.437242774293
881	0.0	32764.310397789814
882	0.0	41621.889800415374
883	0.0	19106.77302465774
884	0.0	15081.854888354428
885	0.0	21773.664426524192
886	0.0	23513.8702794211
887	0.75	18054.823951795697
888	0.25	25058.804287109524
889	0.25	44235.14273079733
890	0.0	12822.686998639256
891	0.0	28416.840324993245
892	0.0	54421.24645889271
893	0.0	15431.20162410196
894	0.0	28901.632913039066
895	0.25	23859.94773497805
896	0.75	7470.8778210915625
897	0.0	29805.60462642461
898	0.0	43966.02053404786
899	0.5	48053.55836288072
900	0.25	78161.58821728702
901	0.0	9645.560203702189
902	0.5	7827.890590997413
903	0.0	14386.802174965851
904	0.25	45758.708890061826
905	0.0	26238.392736413516
906	0.25	26324.399629607797
907	0.5	41046.85413627885
908	0.25	22976.703479265172
909	0.0	29953.03770143073
910	0.0	34003.88309871778
911	0.0	44106.765592470765
912	0.0	32388.211157987826
913	0.0	28198.023447883315
914	0.0	36780.306000611745
915	0.0	22207.162572070956
916	0.25	3546.1628233703473
917	0.25	4104.767215282966
918	0.0	18761.203281464987
919	0.25	40684.06770657748
920	0.0	30604.537047911435
921	0.25	25861.304405145347
922	0.75	4391.366526950151
923	0.0	20465.66811471712
924	0.0	11243.89670684468
925	0.5	8430.20500219427
926	0.0	39993.804665398784
927	0.25	54047.87963846078
928	0.25	35080.607167910784
929	0.0	23643.773876712658
930	0.25	41276.04959672317
931	0.25	42713.15814989308
932	0.0	8591.381967416964
933	0.0	16883.198724826798
934	0.25	12851.145242806524
935	0.0	19236.35071364697
936	0.0	22716.1979310913
937	0.0	46042.54798358306
938	0.25	57804.32139321541
939	0.0	11302.887808531523
940	0.0	12193.614265182987
941	0.25	20167.133311741054
942	0.25	23233.52155725782
943	0.75	21889.23279196024
944	0.25	5593.424445639054
945	0.25	28391.1895416677
946	0.0	40638.84457782842
947	0.25	36904.65469549721
948	0.25	69286.11251510058
949	0.0	25323.842161451466
950	0.0	51811.188899562694
951	0.0	9162.244179286063
952	0.0	43319.3616628414
953	0.25	57525.16377499948
954	0.25	7223.960483601938
955	0.5	12732.479752972722
956	0.75	15276.027090847492
957	0.5	56951.650680741295
958	0.0	26591.372959082946
959	0.0	18728.2085896004
960	1.0	-1
961	0.0	13182.508537895046
962	1.0	-1
963	0.25	42974.95687271779
964	0.0	7643.5899581993
965	0.0	26633.344277273864
966	0.0	17373.211856582202
967	0.25	11274.3588257581
968	0.0	41468.47434306983
969	0.25	20760.657160387684
970	0.0	9726.953591336496
971	0.25	55761.926113938294
972	0.0	33810.91160827782
973	0.0	12901.570845977403
974	0.0	14343.661931459792
975	0.0	10515.848472714424
976	0.0	45782.38763555419
977	0.5	41055.51660968922
978	0.0	31808.275557355955
979	0.5	40052.35813208856
980	0.0	45656.083531095646
981	0.75	81181.42845714465
982	0.0	12161.76985600032
983	0.0	12965.961012407206
984	0.0	9323.61159240827
985	1.0	-1
986	0.0	32390.188326244242
987	0.0	7795.503562083468
988	0.0	6576.206429745071
989	0.75	28765.376316849142
990	0.5	27494.84703480266
991	0.0	15502.540944493376
992	0.0	40790.39982298855
993	0.75	38232.58793214336
994	0.0	40660.447811940685
995	0.5	52579.03320668265
996	0.5	39198.93040321767
997	0.0	23060.870920075104
998	0.0	15583.833040087484
999	0.5	44159.7566944547
1000	1.0	-1
1001	1.0	-1
1002	1.0	-1
1003	0.5	73079.84543102793
1004	0.0	11886.704453616403
1005	1.0	-1
1006	0.0	55576.82168704923
1007	0.0	27477.343140752055
1008	0.0	27895.952035090886
1009	0.0	43313.90192150138
1010	0.75	22029.781028162688
1011	0.0	36000.18303573597
1012	0.75	33083.816930186
1013	0.75	65353.250610176474
1014	1.0	-1
1015	0.0	27889.755960321054
1016	0.0	12883.381203981116
1017	0.0	13621.897041681223
1018	0.25	10304.263528746864
1019	0.5	19915.883490350097
1020	0.0	12261.134450091049
1021	1.0	-1
1022	0.5	41104.35860371217
1023	0.0	30178.237447631545
1024	0.0	41227.018507546745
1025	0.0	40813.07967088651
1026	0.0	18114.592277095653
1027	0.0	22391.332580940798
1028	0.0	52383.94007156603
1029	0.25	23574.498722174514
1030	0.25	30514.47234706332
1031	0.25	22516.367019309353
1032	0.0	29641.585882054642
1033	0.0	4557.585220085457
1034	1.0	-1
1035	0.5	11118.685446446761
1036	0.0	22948.466229368933
1037	0.0	35878.536246251315
1038	0.25	47750.48364916196
1039	0.0	34599.578430177644
1040	1.0	-1
1041	1.0	-1
1042	0.5	13015.356954652816
1043	0.0	24730.697406688705
1044	0.5	47098.61439559609
1045	0.5	28780.547668458894
1046	0.0	26929.23964781221
1047	0.0	24106.927421991713
1048	0.5	64015.21608186886
1049	0.0	19116.236055502668
1050	0.25	7342.179272013406
1051	0.0	16038.219468202442
1052	0.0	17658.6637836881
1053	0.0	38075.80642856192
1054	0.0	52275.266832788475
1055	0.0	40091.06484858785
1056	0.5	66881.4324233681
1057	0.25	30418.331533825647
1058	1.0	-1
1059	0.25	48698.821304676436
1060	0.0	22667.798320995644
1061	0.25	22285.87440168485
1062	0.0	15427.890650578775
1063	0.0	24648.07376533281
1064	0.25	27694.572931466002
1065	1.0	-1
1066	0.25	10192.725961717466
1067	0.5	50037.15400444344
1068	0.0	5639.491913840175
1069	0.5	61458.26712832786
1070	0.0	33945.41179842781
1071	0.5	25759.492214536294
1072	0.0	39853.448809706606
1073	0.25	28544.75274387126
1074	0.0	35408.62833103165
1075	0.5	28037.331400439143
1076	0.25	58566.87526901563
1077	0.0	13179.125025984831
1078	0.25	47630.83707975844
1079	0.75	52373.1091208756
1080	0.25	21135.02700611328
1081	0.25	26691.144596164424
1082	0.0	24855.09105527308
1083	0.0	27160.695719649084
1084	0.5	63751.42214866355
1085	0.0	16329.590938403271
1086	0.0	31218.016808037646
1087	0.0	10219.875043374486
1088	0.0	18645.515858661383
1089	0.0	12535.473982803524
1090	0.0	15875.05707226228
1091	0.0	33437.6460458152
1092	0.0	19995.90408592485
1093	0.25	30432.317226504285
1094	0.0	22071.704144822434
1095	0.0	21743.600138346665
1096	1.0	-1
1097	0.0	29883.897500229068
1098	0.25	47843.21198208878
1099	0.75	34503.74330719933
1100	1.0	-1
1101	0.0	38663.52118761279
1102	0.0	27938.802453572862
1103	0.0	30161.518458044156
1104	0.0	48579.14866495412
1105	1.0	-1
1106	0.25	11578.491980675608
1107	0.5	40186.6454614792
1108	0.0	33763.25328252278
1109	0.5	27452.937907073647
1110	0.75	44471.28785401583
1111	0.5	43831.82555693202
1112	0.5	21156.170066678897
1113	0.75	57985.551309771836
1114	0.5	39075.32752701081
1115	0.0	27789.925418561324
1116	0.25	69052.61106540759
1117	0.75	741.8257589451969
1118	0.0	29552.691677352414
1119	0.0	28639.495887444355
1120	0.5	18805.624186294153
1121	0.25	35206.51445522284
1122	1.0	-1
1123	0.25	31887.97717774287
1124	0.0	24395.595367765054
1125	0.25	27657.855019128572
1126	0.25	41165.409189648926
1127	0.0	26354.12658727728
1128	0.25	35849.20828975737
1129	0.25	39371.03364709765
1130	0.0	37057.759182062
1131	0.0	3893.686229130253
1132	0.0	21470.3054970596
1133	0.75	1905.1762041635811
1134	0.0	23796.94147501141
1135	0.0	8461.614327155985
1136	0.75	13687.825223896652
1137	0.5	51224.87163241021
1138	0.0	24896.885986439884
1139	0.0	15772.837078780867
1140	0.0	47019.63416999206
1141	0.5	57287.72246418521
1142	0.0	8434.018433676101
1143	0.0	39678.245539194904
1144	0.0	13129.996294039302
1145	0.75	63693.6217029579
1146	0.0	6384.742418769747
1147	0.0	52673.05304436013
1148	0.0	31903.412369661964
1149	0.5	78228.17014344037
1150	0.0	18830.283364164643
1151	0.25	36477.19261562452
1152	0.0	29389.518521609716
1153	0.0	15813.74505336862
1154	0.25	39655.97959359487
1155	0.25	52224.942132054515
1156	0.25	8691.535817769667
1157	0.0	2677.21620912198
1158	0.0	20808.866906678304
1159	0.25	43553.270999186985
1160	0.0	22435.440647997893
1161	0.75	29677.24512470886
1162	0.25	41971.83687519282
1163	0.0	39121.698422241025
1164	0.25	17926.783240710694
1165	0.25	43291.441443841904
1166	0.75	58731.330594047904
1167	0.0	52930.7200537296
1168	0.5	7616.067424183711
1169	0.75	36184.08178398386
1170	0.25	29574.01923943932
1171	0.25	10425.479190268865
1172	0.0	26713.126929709688
1173	0.25	17482.09057546531
1174	0.0	25227.150388178416
1175	0.0	17012.555693276227
1176	0.0	34880.66624570638
1177	0.5	56034.799948567525
1178	0.75	51056.5506699495
1179	0.0	15146.233950741589
1180	0.0	4480.665115639567
1181	0.5	14445.829212199897
1182	0.5	20821.956689469516
1183	0.0	11656.472157104872
1184	0.0	47907.28033322375
1185	0.5	22326.472885673866
1186	1.0	-1
1187	0.0	37778.33981602453
1188	0.75	36594.37874797732
1189	0.0	27197.831258992665
1190	1.0	-1
1191	0.0	27894.127817824483
1192	0.25	40654.347131339215
1193	0.0	22084.385069087148
1194	0.0	11130.839916295372
1195	0.0	30741.028120042756
1196	0.0	16975.50132428296
1197	0.25	26589.86329830562
1198	0.0	29845.41283233557
1199	0.0	21097.591463010758
1200	0.0	33922.67807305325
1201	0.0	39641.178809222765
1202	0.25	49062.58665195977
1203	0.0	23398.23095907923
1204	0.0	30440.460900543258
1205	0.0	28489.672981435433
1206	0.5	16288.12857484445
1207	0.5	84136.77698676474
1208	0.0	5563.076282967813
1209	0.25	41934.369356681906
1210	0.0	25169.357111444697
1211	0.0	44342.39528758917
1212	0.0	21932.62736266479
1213	0.5	19762.07448844798
1214	0.0	43615.51847832743
1215	0.25	4367.249350684385
1216	0.0	9701.465191319585
1217	0.25	25787.701189983636
1218	0.0	28217.45591633953
1219	0.75	39860.01184908673
1220	1.0	-1
1221	1.0	-1
1222	0.75	48908.27081212774
1223	0.25	46393.087624727435
1224	0.0	43125.07848686073
1225	0.25	67342.54184598103
1226	0.0	23839.21890077181
1227	0.75	31360.92508304864
1228	0.75	71810.29887590557
1229	0.0	50343.26231095474
1230	0.25	14672.67245054245
1231	0.0	22661.084713297896
1232	0.0	25737.18365340028
1233	0.0	16635.578615474515
1234	0.0	49392.71260553505
1235	0.5	45811.88184651546
1236	0.0	29032.31514606159
1237	0.25	48804.37052389607
1238	0.0	29673.506774008274
1239	1.0	-1
1240	0.25	36657.02971164137
1241	0.0	21378.384939744137
1242	0.0	10774.228141875938
1243	0.75	40605.22117000073
1244	0.0	24760.278845089488
1245	0.0	33260.63636841718
1246	0.0	49956.75512717571
1247	0.5	47745.173456845805
1248	0.25	34116.887729459755
1249	1.0	-1
1250	0.0	34717.22241444513
1251	0.5	50322.04741053283
1252	0.75	26730.743093881756
1253	0.0	23380.17783674877
1254	0.25	31663.114678269874
1255	1.0	-1
1256	0.25	18051.418534169596
1257	0.0	55727.30540798511
1258	0.0	38856.447292957455
1259	0.0	29733.390322769992
1260	0.0	18667.042521061376
1261	0.0	39658.29656494316
1262	0.0	36344.93569598999
1263	0.5	40827.45656534098
1264	0.25	43636.144997707255
1265	0.0	4422.576736076735
1266	1.0	-1
1267	0.0	24432.09727073554
1268	0.25	48958.86719164749
1269	0.0	20822.974136215635
1270	0.0	28873.66759136785
1271	0.75	84542.87083819509
1272	0.0	12556.670925114304
1273	0.0	31980.647734133527
1274	0.25	25418.78141509369
1275	0.25	16345.596060777703
1276	0.25	6262.001578696072
1277	1.0	-1
1278	0.0	13075.597660732456
1279	0.0	46130.63511822838
1280	0.0	35364.142209640704
1281	0.0	35513.38984631002
1282	0.25	8253.118402479837
1283	0.0	39107.10940381978
1284	0.5	15845.934933284298
1285	0.25	33120.06035229812
1286	0.5	48947.96300469898
1287	1.0	-1
1288	0.0	12372.735677519813
1289	0.25	45381.94725538293
1290	0.0	27517.655515111983
1291	0.25	43721.03280480951
1292	0.0	36262.6443868503
1293	0.0	15193.543347762898
1294	0.5	60249.04630542733
1295	0.0	14581.989881233312
1296	0.0	4430.35598215647
1297	0.25	34066.115500715874
1298	0.25	50149.044649365045
1299	1.0	-1
1300	0.0	12841.92446025554
1301	0.25	39434.59944721932
1302	0.0	37822.587782051414
1303	1.0	-1
1304	0.25	25582.579399459064
1305	0.5	72828.98043305613
1306	0.0	14733.092480804771
1307	0.0	36191.19031261653
1308	0.0	30423.951219650917
1309	0.5	59665.49576399848
1310	0.25	29105.737505325425
1311	0.0	42319.72074881196
1312	0.25	52391.61500691747
1313	0.25	47772.797118717186
1314	0.5	36112.11674590595
1315	0.25	60607.43803329145
1316	0.75	45054.67677488923
1317	0.25	30947.115839614224
1318	0.5	28987.734018592164
1319	0.0	43578.266200609505
1320	0.5	15835.672684479505
1321	0.5	46399.28313368
1322	0.0	18734.886283869855
1323	1.0	-1
1324	0.0	26527.267501689494
1325	0.0	32521.75197727047
1326	0.0	49831.35861798655
1327	0.75	15603.625528980047
1328	0.0	48152.33245224226
1329	0.5	12445.723060984164
1330	0.25	16175.691345551362
1331	0.25	19350.473222322762
1332	1.0	-1
1333	0.0	30755.077213980258
1334	0.75	79379.2681847699
1335	0.25	22922.049059687804
1336	0.0	19699.64671554044
1337	0.0	46342.442874913104
1338	1.0	-1
1339	0.0	14757.942723692395
1340	0.0	42291.93405562546
1341	0.0	20503.1147665577
1342	0.25	20615.719981181126
1343	0.25	33319.47242390985
1344	0.25	49571.45647673557
1345	0.0	35647.16705051251
1346	0.0	36247.70965008065
1347	0.75	18942.861469928175
1348	0.0	11895.649857004173
1349	0.0	64707.767422893085
1350	0.75	1836.9299098849297
1351	0.0	22788.069613277912
1352	0.25	45820.211517779775
1353	0.25	40267.81875422845
1354	0.25	28964.470009474706
1355	0.0	47171.21413012501
1356	0.0	38279.37332971487
1357	0.25	35154.6438036797
1358	0.0	16226.397347869352
1359	0.0	25503.858405631036
1360	1.0	-1
1361	0.5	37640.88309300132
1362	0.25	2924.4179536278048
1363	0.25	33642.72832032293
1364	0.0	42422.64045216143
1365	0.0	50757.95402680524
1366	0.25	20181.65463504071
1367	0.25	33042.070544945695
1368	0.5	30253.67971486412
1369	0.0	31815.45934989117
1370	0.0	32460.389155778103
1371	0.5	33265.522204572335
1372	0.5	77917.59018739685
1373	0.5	68952.10822741501
1374	0.25	26905.108782462776
1375	0.0	22316.20616465807
1376	0.5	80081.94751502015
1377	0.5	30203.830272424966
1378	0.0	11947.098274133168
1379	0.0	27082.37996872049
1380	0.0	43533.16813707352
1381	0.0	34725.764548406005
1382	0.0	30846.32422332652
1383	0.0	24291.13083705306
1384	0.25	14124.0787821201
1385	0.5	21117.77416896075
1386	0.25	11776.952278645089
1387	0.0	44105.11136671994
1388	0.25	69615.09664356709
1389	0.25	36881.52731675655
1390	0.0	33133.614347549155
1391	1.0	-1
1392	1.0	-1
1393	0.25	36332.292132390045
1394	0.25	58670.26241418595
1395	0.0	41905.084586236626
1396	0.25	34472.75557555258
1397	0.5	49300.14938348904
1398	1.0	-1
1399	0.0	16279.45799077861
1400	0.0	29187.249385984614
1401	0.25	26491.072359494865
1402	0.0	25368.50243480876
1403	0.25	18024.541824435193
1404	0.25	28223.92393555492
1405	1.0	-1
1406	1.0	-1
1407	1.0	-1
1408	0.75	17099.09079177305
1409	0.5	37998.71400371194
1410	0.0	33446.114956750534
1411	0.75	29522.98258105293
1412	0.5	48857.05059254542
1413	0.0	18732.234702561982
1414	0.0	44159.77117186412
1415	0.25	63257.399571904294
1416	0.25	35783.24026428163
1417	0.75	27684.184131212533
1418	0.25	42597.71623183042
1419	0.0	44040.43495922815
1420	0.0	45011.09993865248
1421	0.5	37840.51697910763
1422	0.25	34680.71260148039
1423	0.0	35001.774991629645
1424	0.5	70034.93445785716
1425	0.0	35068.24707146734
1426	0.0	52586.0614774283
1427	0.25	23827.40604132414
1428	0.0	18733.004546025768
1429	0.25	44970.420128044985
1430	0.25	7807.017392944545
1431	0.0	20328.677936806343
1432	0.0	12658.682523062453
1433	0.0	46633.16129485611
1434	0.0	39294.92924665101
1435	0.5	51703.90338660218
1436	0.75	31093.027802649885
1437	1.0	-1
1438	0.0	19755.409313482232
1439	0.0	16339.771164231934
1440	0.75	43146.058165002614
1441	0.0	30159.973521134816
1442	0.0	36116.230977117084
1443	1.0	-1
1444	0.75	20118.1683242321
1445	0.75	74106.73028090969
1446	0.0	20390.285720699467
1447	0.75	50304.62915590033
1448	1.0	-1
1449	0.0	11943.228032672778
1450	1.0	-1
1451	0.75	87597.95374097303
1452	1.0	-1
1453	0.25	51614.836963514485
1454	0.25	35298.243560517825
1455	0.75	20424.574490170926
1456	0.25	63840.7520839634
1457	1.0	-1
1458	0.0	32905.67614743486
1459	0.25	25322.208215792973
1460	0.0	10634.156666346826
1461	0.0	18799.318534322083
1462	0.0	27578.985801083036
1463	0.0	19193.51759168785
1464	0.5	62661.4710574504
