# <Puzzle index>	<Unsolved percentage>	<Average solve time (ms)>
0	0.0	5334.5
1	0.0	15123.666666666666
2	0.0	11497.666666666666
3	0.0	6184.333333333333
4	0.0	10842.666666666666
5	0.0	21188.0
6	0.0	15506.333333333334
7	0.0	8126.833333333333
8	0.0	3257.1666666666665
9	0.0	4051.0
10	0.0	4008.1666666666665
11	0.0	22046.833333333332
12	0.0	8371.5
13	0.0	2895.1666666666665
14	0.0	3856.8333333333335
15	0.0	24835.5
16	0.0	3625.0
17	0.0	8750.333333333334
18	0.0	5192.0
19	0.0	10920.0
20	0.0	47764.0
21	0.0	8702.166666666666
22	0.0	3414.0
23	0.0	19620.166666666668
24	0.0	2719.5
25	0.0	12584.0
26	0.0	10714.166666666666
27	0.0	15443.5
28	1.0	-1.0
29	0.0	19016.833333333332
30	0.0	6697.833333333333
31	0.0	35587.166666666664
32	0.0	3713.6666666666665
33	0.0	5619.333333333333
34	0.0	4882.0
35	0.0	7599.333333333333
36	0.0	5469.333333333333
37	0.0	7711.5
38	0.0	7341.0
39	0.0	4682.833333333333
40	0.0	5791.666666666667
41	0.0	14650.833333333334
42	0.0	6134.333333333333
43	1.0	-1.0
44	0.0	9492.833333333334
45	0.0	3641.3333333333335
46	0.0	10401.333333333334
47	0.0	3419.8333333333335
48	0.0	1363.6666666666667
49	0.0	7031.5
50	0.0	7829.5
51	0.0	594.0
52	0.0	7609.166666666667
53	1.0	-1.0
54	0.0	14349.0
55	0.0	11041.166666666666
56	0.0	3395.3333333333335
57	0.0	3992.6666666666665
58	0.0	15691.333333333334
59	0.0	1586.3333333333333
60	0.0	3036.8333333333335
61	0.0	17521.0
62	0.0	12194.333333333334
63	0.0	1625.6666666666667
64	1.0	-1.0
65	0.0	47180.333333333336
66	0.0	2178.5
67	0.0	9514.833333333334
68	0.0	9010.666666666666
69	0.0	16597.333333333332
70	0.0	259.8333333333333
71	0.0	22908.166666666668
72	0.0	6707.833333333333
73	0.0	13251.0
74	0.0	4761.666666666667
75	0.0	3620.0
76	0.0	1140.0
77	0.0	4036.5
78	0.0	10063.666666666666
79	0.0	16771.333333333332
80	0.0	48026.833333333336
81	0.0	4133.0
82	0.0	16032.666666666666
83	0.0	8792.333333333334
84	0.0	10183.666666666666
85	0.0	10195.0
86	0.0	15432.166666666666
87	0.0	52275.0
88	1.0	-1.0
89	0.0	9883.166666666666
90	0.0	15207.833333333334
91	0.0	1274.0
92	0.0	249.16666666666666
93	0.0	3819.0
94	0.0	21010.666666666668
95	0.0	1218.8333333333333
96	0.0	11308.833333333334
97	0.0	2293.6666666666665
98	0.0	5938.833333333333
99	0.0	4029.0
100	0.0	2347.8333333333335
101	0.0	10219.833333333334
102	0.0	3940.1666666666665
103	0.0	735.3333333333334
104	0.0	469.5
105	0.0	4615.833333333333
106	0.0	2019.5
107	0.0	37037.666666666664
108	0.0	3232.1666666666665
109	1.0	-1.0
110	1.0	-1.0
111	0.0	1005.3333333333334
112	0.0	2982.6666666666665
113	0.0	1444.0
114	1.0	-1.0
115	1.0	-1.0
116	0.0	2660.1666666666665
117	0.0	1485.5
118	0.0	2372.3333333333335
119	0.0	1619.0
120	0.0	23174.0
121	1.0	-1.0
122	0.0	2099.6666666666665
123	0.0	29490.0
124	0.0	2920.8333333333335
125	1.0	-1.0
126	0.0	17840.166666666668
127	0.0	256.1666666666667
128	0.0	8837.833333333334
129	0.0	20843.833333333332
130	0.0	4690.166666666667
131	0.0	199.16666666666666
132	0.0	11407.666666666666
133	1.0	-1.0
134	0.0	17271.5
135	0.0	4134.0
136	1.0	-1.0
137	1.0	-1.0
138	0.0	6443.666666666667
139	0.0	4061.3333333333335
140	0.0	14445.833333333334
141	0.0	6596.666666666667
142	0.0	12061.333333333334
143	1.0	-1.0
144	0.0	5123.5
145	0.0	9164.666666666666
146	0.0	4529.666666666667
147	0.0	6198.333333333333
148	0.0	10255.833333333334
149	0.0	27860.333333333332
150	0.0	12127.5
151	0.0	1299.3333333333333
152	0.0	35500.166666666664
153	0.0	4066.5
154	0.0	19964.5
155	0.0	4994.833333333333
156	1.0	-1.0
157	0.0	28681.666666666668
158	1.0	-1.0
159	0.0	30064.333333333332
160	0.0	1310.5
161	0.0	5905.0
162	0.0	671.0
163	1.0	-1.0
164	0.0	29614.666666666668
165	0.0	28800.0
166	0.0	17827.166666666668
167	0.0	7893.166666666667
168	1.0	-1.0
169	0.0	14830.833333333334
170	1.0	-1.0
171	1.0	-1.0
172	0.0	46016.833333333336
173	0.0	4759.0
174	0.0	3915.8333333333335
175	0.0	11827.5
176	0.0	20235.0
177	0.0	299.6666666666667
178	0.0	4908.0
179	0.0	680.0
180	0.0	457.1666666666667
181	0.0	6318.5
182	0.0	2495.3333333333335
183	0.0	21452.0
184	0.0	23621.5
185	0.0	16094.166666666666
186	0.0	692.8333333333334
187	0.0	16243.0
188	0.0	5343.333333333333
189	0.0	26887.5
190	0.0	29436.166666666668
191	1.0	-1.0
192	0.0	477.5
193	0.0	28177.333333333332
194	1.0	-1.0
195	0.0	988.3333333333334
196	0.0	2465.6666666666665
197	0.0	639.8333333333334
198	0.0	1943.0
199	0.0	2116.0
200	0.0	44797.666666666664
201	0.0	2415.0
202	0.0	3644.6666666666665
203	0.0	2064.1666666666665
204	0.0	4065.8333333333335
205	0.0	5704.833333333333
206	0.0	113.66666666666667
207	0.0	440.3333333333333
208	0.0	19517.166666666668
209	0.0	2021.3333333333333
210	0.0	1906.0
211	0.0	3348.0
212	0.0	3677.5
213	0.0	4950.166666666667
214	0.0	9884.666666666666
215	0.0	694.8333333333334
216	0.0	2751.0
217	0.0	1469.3333333333333
218	1.0	-1.0
219	0.0	18628.333333333332
220	0.0	15954.0
221	0.0	136.0
222	1.0	-1.0
223	0.0	81.5
224	0.0	2164.1666666666665
225	0.0	7726.666666666667
226	0.0	36139.833333333336
227	0.0	278.1666666666667
228	0.0	3348.8333333333335
229	0.0	3605.0
230	0.0	344.3333333333333
231	0.0	2361.6666666666665
232	0.0	204.33333333333334
233	0.0	1564.3333333333333
234	0.0	113.5
235	0.0	3696.0
236	0.0	761.8333333333334
237	0.0	32909.166666666664
238	1.0	-1.0
239	0.0	63.333333333333336
240	0.0	604.5
241	0.0	2511.3333333333335
242	0.0	4881.833333333333
243	0.0	2741.8333333333335
244	0.0	7450.0
245	0.0	759.1666666666666
246	0.0	276.5
247	0.0	622.0
248	0.0	105.16666666666667
249	0.0	482.0
250	0.0	990.1666666666666
251	0.0	1370.8333333333333
252	0.0	423.3333333333333
253	0.0	11272.0
254	0.0	215.83333333333334
255	0.0	1451.6666666666667
256	0.0	22555.166666666668
257	0.0	391.1666666666667
258	0.0	855.6666666666666
259	0.0	2633.0
260	0.0	343.5
261	0.0	130.5
262	0.0	18086.166666666668
263	0.0	869.5
264	0.0	156.16666666666666
265	0.0	164.83333333333334
266	0.0	18067.5
267	0.0	2446.1666666666665
268	0.0	1489.1666666666667
269	0.0	575.3333333333334
270	0.0	680.3333333333334
271	0.0	799.3333333333334
272	0.0	408.6666666666667
273	0.0	698.1666666666666
274	0.0	9960.5
275	0.0	3940.0
276	0.0	58909.666666666664
277	0.0	357.0
278	0.0	2520.3333333333335
279	0.0	476.8333333333333
280	0.0	1953.5
281	1.0	-1.0
282	0.0	37500.0
283	0.0	2894.3333333333335
284	0.0	187.0
285	0.0	55450.5
286	0.0	150.33333333333334
287	0.0	6175.666666666667
288	0.0	1395.0
289	0.0	239.83333333333334
290	0.0	17654.333333333332
291	0.0	20847.166666666668
292	0.0	16283.166666666666
293	1.0	-1.0
294	0.0	449.1666666666667
295	0.0	13017.833333333334
296	0.0	10597.0
297	0.0	840.0
298	0.0	4303.666666666667
299	0.0	27639.0
300	0.0	9399.666666666666
301	0.0	654.3333333333334
302	0.0	1177.0
303	0.0	1678.6666666666667
304	0.0	14894.666666666666
305	0.0	404.0
306	0.0	24994.5
307	0.0	4193.0
308	0.0	5656.5
309	0.0	35021.5
310	0.0	503.6666666666667
311	0.0	293.0
312	0.0	1332.0
313	0.0	3920.8333333333335
314	0.0	345.6666666666667
315	0.0	1130.0
316	0.0	5396.833333333333
317	0.0	5679.833333333333
318	0.0	2556.0
319	0.0	212.16666666666666
320	0.0	5019.5
321	0.0	898.3333333333334
322	0.0	5101.833333333333
323	0.0	51.5
324	0.0	905.6666666666666
325	0.0	11996.833333333334
326	0.0	742.3333333333334
327	0.0	3691.1666666666665
328	0.0	736.8333333333334
329	1.0	-1.0
330	0.0	259.0
331	0.0	17.833333333333332
332	0.0	765.5
333	0.0	35622.833333333336
334	0.0	2068.8333333333335
335	0.0	8188.166666666667
336	0.0	961.5
337	0.0	82.0
338	0.0	107.66666666666667
339	0.0	21689.5
340	0.0	249.16666666666666
341	0.0	273.0
342	0.0	800.5
343	1.0	-1.0
344	0.0	1030.1666666666667
345	0.0	323.6666666666667
346	0.0	2165.8333333333335
347	0.0	1417.0
348	0.0	346.5
349	0.0	3073.6666666666665
350	0.0	470.1666666666667
351	0.0	5870.0
352	0.0	2208.5
353	0.0	3494.5
354	0.0	227.33333333333334
355	0.0	110.16666666666667
356	0.0	16.833333333333332
357	0.0	195.16666666666666
358	0.0	163.16666666666666
359	0.0	130.83333333333334
360	0.0	1384.8333333333333
361	0.0	442.5
362	0.0	1470.8333333333333
363	0.0	218.5
364	0.0	993.3333333333334
365	0.0	3467.3333333333335
366	0.0	1371.1666666666667
367	0.0	428.5
368	0.0	9799.666666666666
369	0.0	1311.6666666666667
370	0.0	191.66666666666666
371	0.0	412.8333333333333
372	0.0	486.3333333333333
373	0.0	554.5
374	0.0	1718.8333333333333
375	0.0	1763.8333333333333
376	0.0	65.33333333333333
377	0.0	792.1666666666666
378	0.0	11904.0
379	0.0	848.6666666666666
380	0.0	3475.6666666666665
381	0.0	590.5
382	0.0	3464.0
383	0.0	1106.0
384	0.0	296.6666666666667
385	0.0	53.333333333333336
386	0.0	1064.5
387	0.0	80.83333333333333
388	0.0	36879.833333333336
389	0.0	18367.833333333332
390	0.0	48911.666666666664
391	0.0	313.1666666666667
392	0.0	1602.3333333333333
393	0.0	244.66666666666666
394	0.0	2711.3333333333335
395	0.0	16927.5
396	0.0	318.6666666666667
397	0.0	145.0
398	1.0	-1.0
399	0.0	215.83333333333334
400	0.0	142.66666666666666
401	0.0	1482.3333333333333
402	0.0	2574.5
403	0.0	665.8333333333334
404	0.0	50851.5
405	0.0	190.5
406	0.0	181.5
407	0.0	43.833333333333336
408	0.0	145.0
409	0.0	1772.8333333333333
410	0.0	58.166666666666664
411	0.0	832.6666666666666
412	0.0	102.5
413	0.0	1852.0
414	0.0	199.5
415	0.0	311.5
416	0.0	623.6666666666666
417	0.0	140.0
418	0.0	1036.1666666666667
419	0.0	44.333333333333336
420	0.0	340.1666666666667
421	0.0	107.66666666666667
422	0.0	2334.6666666666665
423	0.0	264.3333333333333
424	0.0	269.8333333333333
425	0.0	4718.5
426	0.0	243.33333333333334
427	0.0	2073.0
428	0.0	256.1666666666667
429	0.0	6238.333333333333
430	0.0	1043.1666666666667
431	0.0	144.66666666666666
432	0.0	74.66666666666667
433	0.0	556.3333333333334
434	0.0	727.6666666666666
435	0.0	1152.5
436	0.0	1231.1666666666667
437	0.0	641.0
438	0.0	29.833333333333332
439	0.0	1606.8333333333333
440	0.0	287.5
441	0.0	225.83333333333334
442	0.0	23.5
443	0.0	475.0
444	0.0	463.6666666666667
445	0.0	155.33333333333334
446	0.0	469.0
447	0.0	951.0
448	0.0	247.83333333333334
449	0.0	216.0
450	0.0	701.3333333333334
451	0.0	1435.8333333333333
452	0.0	38833.5
453	0.0	8981.833333333334
454	0.0	67.66666666666667
455	0.0	54.166666666666664
456	0.0	616.8333333333334
457	0.0	792.6666666666666
458	0.0	35.0
459	0.0	1014.1666666666666
460	0.0	830.0
461	0.0	435.1666666666667
462	0.0	660.6666666666666
463	0.0	281.0
464	0.0	76.33333333333333
465	1.0	-1.0
466	0.0	27.333333333333332
467	0.0	89.0
468	0.0	881.1666666666666
469	0.0	157.33333333333334
470	1.0	-1.0
471	0.0	58.5
472	0.0	63.5
473	0.0	524.1666666666666
474	0.0	167.16666666666666
475	0.0	683.3333333333334
476	0.0	282.5
477	0.0	34.166666666666664
478	0.0	648.8333333333334
479	0.0	1036.6666666666667
480	0.0	65.83333333333333
481	0.0	48314.166666666664
482	0.0	143.66666666666666
483	0.0	23170.0
484	0.0	1545.1666666666667
485	0.0	1650.6666666666667
486	0.0	44.166666666666664
487	0.0	168.0
488	0.0	1002.8333333333334
489	0.0	226.5
490	0.0	124.0
491	1.0	-1.0
492	0.0	383.1666666666667
493	0.0	1111.1666666666667
494	0.0	491.1666666666667
495	0.0	3434.0
496	0.0	6173.5
497	0.0	158.0
498	0.0	230.5
499	0.0	911.5
500	0.0	437.5
501	0.0	92.66666666666667
502	0.0	3795.6666666666665
503	0.0	410.6666666666667
504	0.0	571.3333333333334
505	1.0	-1.0
506	0.0	784.5
507	0.0	80.66666666666667
508	0.0	22713.166666666668
509	0.0	119.33333333333333
510	0.0	1502.3333333333333
511	0.0	963.8333333333334
512	0.0	196.33333333333334
513	0.0	866.1666666666666
514	0.0	1268.6666666666667
515	0.0	342.0
516	0.0	618.5
517	0.0	464.5
518	0.0	507.3333333333333
519	0.0	2915.1666666666665
520	0.0	2233.8333333333335
521	0.0	101.5
522	0.0	609.5
523	0.0	298.3333333333333
524	0.0	614.5
525	0.0	274.5
526	0.0	7314.333333333333
527	0.0	1566.0
528	0.0	345.5
529	0.0	1268.3333333333333
530	0.0	1426.3333333333333
531	0.0	48.5
532	0.0	292.3333333333333
533	0.0	12836.0
534	0.0	566.8333333333334
535	0.0	25335.166666666668
536	0.0	466.1666666666667
537	0.0	64.66666666666667
538	0.0	792.5
539	0.0	180.83333333333334
540	0.0	222.16666666666666
541	0.0	24.166666666666668
542	0.0	1622.0
543	0.0	5280.5
544	0.0	1304.3333333333333
545	0.0	67.5
546	0.0	572.3333333333334
547	0.0	441.8333333333333
548	0.0	118.0
549	0.0	100.16666666666667
550	0.0	728.8333333333334
551	0.0	3048.3333333333335
552	0.0	889.6666666666666
553	0.0	43.833333333333336
554	0.0	1128.3333333333333
555	0.0	134.83333333333334
556	0.0	263.8333333333333
557	0.0	3886.1666666666665
558	0.0	105.66666666666667
559	0.0	348.1666666666667
560	0.0	3573.5
561	0.0	42.5
562	0.0	201.5
563	0.0	231.33333333333334
564	0.0	181.16666666666666
565	0.0	605.3333333333334
566	0.0	555.6666666666666
567	0.0	792.6666666666666
568	0.0	1732.8333333333333
569	1.0	-1.0
570	0.0	22.0
571	0.0	5545.5
572	0.0	222.83333333333334
573	0.0	87.33333333333333
574	0.0	150.33333333333334
575	0.0	137.66666666666666
576	0.0	100.0
577	0.0	174.5
578	0.0	24.166666666666668
579	0.0	150.83333333333334
580	0.0	730.0
581	0.0	89.33333333333333
582	0.0	3254.6666666666665
583	0.0	4841.666666666667
584	0.0	622.5
585	0.0	28.166666666666668
586	0.0	799.8333333333334
587	0.0	424.5
588	0.0	3145.8333333333335
589	0.0	916.3333333333334
590	0.0	25.0
591	0.0	643.8333333333334
592	0.0	130.83333333333334
593	0.0	1699.1666666666667
594	0.0	1425.1666666666667
595	0.0	1183.5
596	0.0	208.66666666666666
597	0.0	746.0
598	0.0	3084.1666666666665
599	0.0	98.83333333333333
600	0.0	41.333333333333336
601	0.0	260.5
602	0.0	13250.333333333334
603	0.0	120.16666666666667
604	0.0	491.8333333333333
605	0.0	84.5
606	1.0	-1.0
607	0.0	675.1666666666666
608	0.0	896.3333333333334
609	0.0	43.666666666666664
610	0.0	68.0
611	0.0	1394.1666666666667
612	0.0	2776.8333333333335
613	0.0	305.6666666666667
614	0.0	141.16666666666666
615	0.0	224.16666666666666
616	1.0	-1.0
617	0.0	237.83333333333334
618	0.0	131.33333333333334
619	0.0	285.1666666666667
620	0.0	80.33333333333333
621	0.0	41.0
622	0.0	27042.0
623	0.0	1131.6666666666667
624	0.0	609.5
625	0.0	224.5
626	0.0	307.6666666666667
627	0.0	623.5
628	0.0	501.6666666666667
629	0.0	1149.8333333333333
630	0.0	1705.3333333333333
631	0.0	1139.6666666666667
632	0.0	139.16666666666666
633	0.0	643.8333333333334
634	0.0	933.1666666666666
635	0.0	653.6666666666666
636	0.0	223.83333333333334
637	0.0	203.5
638	0.0	970.5
639	0.0	2756.8333333333335
640	0.0	2889.5
641	0.0	588.5
642	0.0	679.6666666666666
643	0.0	89.66666666666667
644	0.0	185.33333333333334
645	0.0	1008.5
646	0.0	5908.833333333333
647	0.0	263.1666666666667
648	0.0	1069.6666666666667
649	0.0	794.5
650	0.0	250.83333333333334
651	0.0	27.333333333333332
652	0.0	33.333333333333336
653	0.0	4073.0
654	0.0	157.5
655	0.0	49.5
656	0.0	5342.5
657	0.0	194.66666666666666
658	0.0	29.166666666666668
659	0.0	311.3333333333333
660	0.0	153.5
661	0.0	14.833333333333334
662	0.0	585.8333333333334
663	0.0	492.3333333333333
664	0.0	256.1666666666667
665	0.0	58.833333333333336
666	0.0	1833.5
667	0.0	201.0
668	0.0	1075.3333333333333
669	0.0	1861.6666666666667
670	0.0	1105.1666666666667
671	0.0	3184.6666666666665
672	0.0	2843.8333333333335
673	0.0	4266.666666666667
674	0.0	583.6666666666666
675	0.0	251.66666666666666
676	0.0	157.16666666666666
677	0.0	63.666666666666664
678	0.0	617.1666666666666
679	0.0	2503.6666666666665
680	1.0	-1.0
681	0.0	324.0
682	0.0	95.16666666666667
683	0.0	88.16666666666667
684	0.0	51.333333333333336
685	0.0	8.833333333333334
686	0.0	476.6666666666667
687	0.0	4881.833333333333
688	0.0	137.83333333333334
689	0.0	292.6666666666667
690	0.0	353.8333333333333
691	0.0	2105.3333333333335
692	0.0	42.333333333333336
693	0.0	932.6666666666666
694	0.0	248.5
695	0.0	178.16666666666666
696	0.0	1286.8333333333333
697	0.0	306.8333333333333
698	0.0	310.8333333333333
699	0.0	570.3333333333334
700	0.0	123.0
701	0.0	32.333333333333336
702	0.0	250.16666666666666
703	0.0	39.5
704	0.0	412.5
705	0.0	110.66666666666667
706	0.0	2564.5
707	0.0	377.5
708	0.0	345.8333333333333
709	0.0	290.6666666666667
710	1.0	-1.0
711	0.0	818.8333333333334
712	0.0	97.33333333333333
713	0.0	174.33333333333334
714	0.0	117.66666666666667
715	0.0	89.66666666666667
716	0.0	162.0
717	0.0	2544.5
718	0.0	272.1666666666667
719	0.0	8353.0
720	0.0	70.0
721	0.0	696.0
722	0.0	98.0
723	0.0	430.3333333333333
724	0.0	62.333333333333336
725	0.0	77.83333333333333
726	0.0	73.33333333333333
727	0.0	355.0
728	0.0	781.8333333333334
729	0.0	3571.8333333333335
730	0.0	1877.1666666666667
731	0.0	3441.6666666666665
732	0.0	223.0
733	0.0	956.8333333333334
734	0.0	885.8333333333334
735	0.0	424.0
736	0.0	961.8333333333334
737	0.0	38.0
738	0.0	126.16666666666667
739	0.0	324.0
740	0.0	477.3333333333333
741	0.0	1076.5
742	0.0	6146.166666666667
743	0.0	427.6666666666667
744	0.0	198.66666666666666
745	0.0	192.5
746	0.0	424.1666666666667
747	0.0	88.16666666666667
748	0.0	5041.666666666667
749	0.0	91.33333333333333
750	0.0	360.3333333333333
751	0.0	5167.833333333333
752	0.0	1706.6666666666667
753	0.0	408.1666666666667
754	0.0	1049.6666666666667
755	0.0	13.666666666666666
756	0.0	66.33333333333333
757	0.0	337.5
758	0.0	118.33333333333333
759	0.0	484.6666666666667
760	0.0	20522.666666666668
761	0.0	108.5
762	0.0	970.3333333333334
763	0.0	2718.3333333333335
764	0.0	935.1666666666666
765	0.0	120.16666666666667
766	0.0	2189.8333333333335
767	0.0	52.166666666666664
768	0.0	452.6666666666667
769	0.0	430.0
770	0.0	129.0
771	0.0	24.166666666666668
772	0.0	4264.166666666667
773	0.0	103.16666666666667
774	0.0	2928.5
775	0.0	369.1666666666667
776	0.0	1121.8333333333333
777	0.0	317.8333333333333
778	0.0	54.166666666666664
779	0.0	395.8333333333333
780	0.0	166.16666666666666
781	0.0	48.666666666666664
782	0.0	95.5
783	0.0	247.66666666666666
784	0.0	6935.0
785	0.0	676.0
786	0.0	740.0
787	0.0	13573.166666666666
788	0.0	330.1666666666667
789	0.0	1951.5
790	0.0	2622.0
791	0.0	312.6666666666667
792	0.0	619.8333333333334
793	0.0	38.333333333333336
794	0.0	5.833333333333333
795	0.0	71.66666666666667
796	0.0	1737.3333333333333
797	0.0	158.83333333333334
798	0.0	118.16666666666667
799	0.0	322.6666666666667
800	0.0	5644.333333333333
801	0.0	49.833333333333336
802	0.0	81.5
803	0.0	295.1666666666667
804	0.0	41.5
805	0.0	759.8333333333334
806	0.0	1148.8333333333333
807	0.0	1363.3333333333333
808	0.0	379.8333333333333
809	0.0	126.5
810	0.0	4527.166666666667
811	0.0	53.166666666666664
812	0.0	2979.8333333333335
813	0.0	3066.8333333333335
814	0.0	186.0
815	0.0	3847.0
816	0.0	1438.1666666666667
817	0.0	118.33333333333333
818	0.0	497.8333333333333
819	0.0	150.66666666666666
820	0.0	967.8333333333334
821	0.0	169.66666666666666
822	0.0	2913.6666666666665
823	0.0	219.16666666666666
824	0.0	96.83333333333333
825	0.0	221.16666666666666
826	0.0	436.0
827	0.0	94.66666666666667
828	0.0	935.1666666666666
829	0.0	164.5
830	0.0	175.66666666666666
831	0.0	1197.8333333333333
832	0.0	794.1666666666666
833	0.0	175.5
834	0.0	2014.3333333333333
835	0.0	3965.3333333333335
836	0.0	2429.5
837	0.0	24104.666666666668
838	0.0	851.5
839	0.0	665.3333333333334
840	0.0	4256.666666666667
841	0.0	1082.5
842	0.0	981.5
843	0.0	2912.8333333333335
844	0.0	6090.5
845	0.0	173.0
846	0.0	40.833333333333336
847	0.0	912.3333333333334
848	0.0	8043.833333333333
849	0.0	203.66666666666666
850	0.0	1019.8333333333334
851	0.0	993.1666666666666
852	0.0	95.83333333333333
853	0.0	956.5
854	0.0	63.0
855	0.0	57.666666666666664
856	0.0	135.66666666666666
857	0.0	46.0
858	0.0	437.5
859	0.0	695.8333333333334
860	0.0	295.3333333333333
861	0.0	180.5
862	0.0	341.5
863	0.0	28.666666666666668
864	0.0	2557.8333333333335
865	0.0	165.5
866	0.0	543.5
867	0.0	835.0
868	0.0	147.0
869	0.0	126.83333333333333
870	0.0	426.0
871	0.0	703.1666666666666
872	0.0	1070.1666666666667
873	0.0	1638.5
874	0.0	186.0
875	0.0	718.0
876	0.0	466.5
877	0.0	280.5
878	0.0	22.666666666666668
879	0.0	120.5
880	0.0	176.66666666666666
881	0.0	1250.8333333333333
882	0.0	207.0
883	0.0	59.5
884	0.0	359.8333333333333
885	0.0	253.0
886	0.0	652.8333333333334
887	0.0	63.333333333333336
888	0.0	25567.0
889	0.0	27.166666666666668
890	0.0	82.66666666666667
891	0.0	750.6666666666666
892	0.0	434.0
893	0.0	64.33333333333333
894	0.0	489.3333333333333
895	0.0	1366.3333333333333
896	0.0	1712.3333333333333
897	0.0	198.66666666666666
898	0.0	43.333333333333336
899	0.0	842.5
900	0.0	5606.666666666667
901	0.0	63.833333333333336
902	0.0	528.5
903	0.0	636.5
904	0.0	143.0
905	0.0	1310.6666666666667
906	0.0	719.3333333333334
907	0.0	426.6666666666667
908	0.0	1799.1666666666667
909	0.0	540.8333333333334
910	0.0	133.66666666666666
911	0.0	2203.8333333333335
912	0.0	155.33333333333334
913	0.0	1573.3333333333333
914	0.0	72.0
915	0.0	1577.6666666666667
916	0.0	54.166666666666664
917	0.0	60.666666666666664
918	0.0	646.8333333333334
919	0.0	923.1666666666666
920	0.0	624.5
921	0.0	246.66666666666666
922	0.0	902.3333333333334
923	0.0	183.66666666666666
924	0.0	69.66666666666667
925	0.0	163.83333333333334
926	0.0	175.5
927	0.0	4103.5
928	0.0	296.8333333333333
929	0.0	3433.6666666666665
930	0.0	6002.833333333333
931	0.0	71.33333333333333
932	0.0	2209.5
933	0.0	164.5
934	0.0	2547.3333333333335
935	0.0	328.3333333333333
936	0.0	9693.333333333334
937	0.0	1421.5
938	0.0	159.33333333333334
939	0.0	176.33333333333334
940	0.0	933.3333333333334
941	0.0	811.6666666666666
942	0.0	243.66666666666666
943	0.0	335.0
944	0.0	553.5
945	0.0	78.5
946	0.0	61.0
947	0.0	1351.1666666666667
948	0.0	11013.166666666666
949	0.0	51.333333333333336
950	0.0	72.33333333333333
951	0.0	1643.0
952	0.0	512.3333333333334
953	0.0	1271.8333333333333
954	0.0	193.83333333333334
955	0.0	89.83333333333333
956	0.0	2579.5
957	0.0	270.1666666666667
958	0.0	1648.3333333333333
959	0.0	325.5
960	0.0	25147.166666666668
961	0.0	145.83333333333334
962	0.0	4644.166666666667
963	0.0	139.5
964	0.0	552.1666666666666
965	0.0	886.3333333333334
966	0.0	222.66666666666666
967	0.0	71.66666666666667
968	0.0	69.5
969	0.0	215.5
970	0.0	3517.1666666666665
971	0.0	3141.5
972	0.0	1194.3333333333333
973	0.0	830.8333333333334
974	0.0	1250.6666666666667
975	0.0	6829.0
976	0.0	176.0
977	0.0	40838.0
978	0.0	157.66666666666666
979	0.0	925.1666666666666
980	0.0	906.0
981	1.0	-1.0
982	0.0	1582.0
983	0.0	238.5
984	0.0	58.5
985	1.0	-1.0
986	0.0	497.1666666666667
987	0.0	1133.5
988	0.0	2840.1666666666665
989	0.0	1329.3333333333333
990	0.0	20532.166666666668
991	0.0	38.0
992	0.0	342.8333333333333
993	0.0	6348.166666666667
994	0.0	510.0
995	0.0	371.8333333333333
996	0.0	529.1666666666666
997	0.0	49.833333333333336
998	0.0	297.5
999	0.0	1529.0
1000	0.0	303.8333333333333
1001	0.0	77359.33333333333
1002	0.0	5652.666666666667
1003	0.0	151.66666666666666
1004	0.0	103.0
1005	0.0	61.666666666666664
1006	0.0	140.0
1007	0.0	699.1666666666666
1008	0.0	225.66666666666666
1009	0.0	981.0
1010	0.0	492.5
1011	0.0	11.666666666666666
1012	0.0	688.6666666666666
1013	0.0	330.3333333333333
1014	0.0	40804.0
1015	0.0	1189.1666666666667
1016	0.0	1188.8333333333333
1017	0.0	9.0
1018	0.0	47.333333333333336
1019	0.0	566.1666666666666
1020	0.0	88.33333333333333
1021	0.0	17588.5
1022	0.0	1549.0
1023	0.0	2377.6666666666665
1024	0.0	89.16666666666667
1025	0.0	317.1666666666667
1026	0.0	33.166666666666664
1027	0.0	295.5
1028	0.0	158.83333333333334
1029	0.0	134.83333333333334
1030	0.0	323.1666666666667
1031	0.0	94.0
1032	0.0	276.8333333333333
1033	0.0	32.833333333333336
1034	0.0	784.3333333333334
1035	0.0	70.66666666666667
1036	0.0	395.5
1037	0.0	142.33333333333334
1038	0.0	628.0
1039	0.0	346.6666666666667
1040	1.0	-1.0
1041	0.0	9594.333333333334
1042	0.0	168.16666666666666
1043	0.0	182.16666666666666
1044	0.0	30029.0
1045	0.0	299.1666666666667
1046	0.0	357.6666666666667
1047	0.0	195.83333333333334
1048	0.0	160.66666666666666
1049	0.0	374.1666666666667
1050	0.0	1048.5
1051	0.0	1517.5
1052	0.0	80.33333333333333
1053	0.0	471.5
1054	0.0	556.6666666666666
1055	0.0	238.16666666666666
1056	0.0	1682.1666666666667
1057	0.0	312.8333333333333
1058	0.0	8190.333333333333
1059	0.0	20069.666666666668
1060	0.0	366.6666666666667
1061	0.0	12491.833333333334
1062	0.0	688.6666666666666
1063	0.0	227.5
1064	0.0	86.83333333333333
1065	0.0	2914.5
1066	0.0	607.6666666666666
1067	0.0	1426.0
1068	0.0	815.1666666666666
1069	0.0	7145.5
1070	0.0	2367.1666666666665
1071	0.0	175.83333333333334
1072	0.0	275.6666666666667
1073	0.0	397.8333333333333
1074	0.0	816.8333333333334
1075	0.0	192.0
1076	0.0	223.83333333333334
1077	0.0	218.66666666666666
1078	0.0	267.5
1079	0.0	348.1666666666667
1080	0.0	266.6666666666667
1081	0.0	38.833333333333336
1082	0.0	1447.0
1083	0.0	385.3333333333333
1084	0.0	10.666666666666666
1085	0.0	257.1666666666667
1086	0.0	374.3333333333333
1087	1.0	-1.0
1088	0.0	72.0
1089	0.0	156.5
1090	0.0	462.3333333333333
1091	0.0	1938.8333333333333
1092	0.0	35.5
1093	0.0	119.33333333333333
1094	0.0	799.6666666666666
1095	0.0	1819.5
1096	0.0	14228.333333333334
1097	0.0	529.0
1098	0.0	33.833333333333336
1099	0.0	3310.0
1100	0.0	473.1666666666667
1101	0.0	2187.1666666666665
1102	0.0	671.1666666666666
1103	0.0	3024.0
1104	0.0	269.1666666666667
1105	0.0	18613.666666666668
1106	0.0	600.3333333333334
1107	0.0	1583.8333333333333
1108	0.0	266.1666666666667
1109	0.0	28.5
1110	0.0	143.83333333333334
1111	0.0	77.0
1112	0.0	2062.0
1113	0.0	22611.0
1114	0.0	369.6666666666667
1115	0.0	649.8333333333334
1116	0.0	997.5
1117	0.0	307.5
1118	0.0	1105.8333333333333
1119	0.0	39.5
1120	0.0	1321.3333333333333
1121	0.0	987.3333333333334
1122	0.0	1733.8333333333333
1123	0.0	7693.666666666667
1124	0.0	603.8333333333334
1125	0.0	266.1666666666667
1126	0.0	907.5
1127	0.0	2357.8333333333335
1128	0.0	533.3333333333334
1129	0.0	3625.1666666666665
1130	0.0	66.66666666666667
1131	0.0	3350.5
1132	0.0	4942.333333333333
1133	0.0	1834.1666666666667
1134	0.0	404.1666666666667
1135	0.0	11519.5
1136	0.0	166.16666666666666
1137	0.0	1222.6666666666667
1138	0.0	385.1666666666667
1139	0.0	23.333333333333332
1140	0.0	16.666666666666668
1141	0.0	629.1666666666666
1142	0.0	1166.8333333333333
1143	0.0	1188.6666666666667
1144	0.0	298.1666666666667
1145	0.0	321.1666666666667
1146	0.0	83.66666666666667
1147	0.0	497.8333333333333
1148	0.0	426.0
1149	0.0	437.6666666666667
1150	0.0	2046.3333333333333
1151	0.0	273.5
1152	0.0	204.0
1153	0.0	625.1666666666666
1154	0.0	2066.5
1155	0.0	10301.333333333334
1156	0.0	900.1666666666666
1157	0.0	257.1666666666667
1158	0.0	7885.833333333333
1159	0.0	1211.5
1160	0.0	233.5
1161	0.0	114.5
1162	0.0	339.1666666666667
1163	0.0	7653.0
1164	0.0	598.6666666666666
1165	0.0	69.5
1166	0.0	15497.0
1167	0.0	184.83333333333334
1168	0.0	6011.166666666667
1169	0.0	2209.6666666666665
1170	0.0	118.16666666666667
1171	0.0	334.5
1172	0.0	2760.5
1173	0.0	21.333333333333332
1174	0.0	239.5
1175	0.0	207.0
1176	0.0	40.166666666666664
1177	0.0	2877.0
1178	0.0	1897.8333333333333
1179	0.0	132.66666666666666
1180	0.0	777.3333333333334
1181	0.0	72.16666666666667
1182	0.0	3672.6666666666665
1183	0.0	18.5
1184	0.0	230.33333333333334
1185	0.0	426.0
1186	0.0	14537.0
1187	0.0	246.83333333333334
1188	0.0	971.5
1189	0.0	290.0
1190	0.0	5484.5
1191	0.0	448.3333333333333
1192	0.0	796.3333333333334
1193	0.0	230.66666666666666
1194	0.0	712.5
1195	0.0	166.0
1196	0.0	427.5
1197	0.0	204.33333333333334
1198	0.0	2205.5
1199	0.0	13.833333333333334
1200	0.0	555.3333333333334
1201	0.0	17.333333333333332
1202	0.0	1381.5
1203	0.0	134.16666666666666
1204	0.0	49.166666666666664
1205	0.0	690.1666666666666
1206	0.0	65.66666666666667
1207	0.0	211.16666666666666
1208	0.0	85.5
1209	0.0	1442.8333333333333
1210	0.0	190.66666666666666
1211	0.0	1075.8333333333333
1212	0.0	1780.3333333333333
1213	0.0	5354.333333333333
1214	0.0	4320.166666666667
1215	0.0	2237.0
1216	0.0	99.83333333333333
1217	0.0	3442.3333333333335
1218	0.0	746.3333333333334
1219	0.0	1108.5
1220	0.0	3780.1666666666665
1221	1.0	-1.0
1222	0.0	165.5
1223	0.0	70.33333333333333
1224	0.0	402.8333333333333
1225	0.0	90.16666666666667
1226	0.0	511.5
1227	0.0	3336.3333333333335
1228	0.0	1390.0
1229	0.0	353.5
1230	0.0	16471.333333333332
1231	0.0	932.6666666666666
1232	0.0	125.0
1233	0.0	261.3333333333333
1234	0.0	768.1666666666666
1235	0.0	143.66666666666666
1236	0.0	379.1666666666667
1237	0.0	715.3333333333334
1238	0.0	68.33333333333333
1239	0.0	201.5
1240	0.0	19.833333333333332
1241	0.0	688.0
1242	0.0	439.8333333333333
1243	0.0	152.16666666666666
1244	0.0	243.16666666666666
1245	0.0	125.5
1246	0.0	1237.3333333333333
1247	0.0	378.3333333333333
1248	0.0	129.5
1249	0.0	11901.5
1250	0.0	6004.166666666667
1251	0.0	64.33333333333333
1252	0.0	633.0
1253	0.0	227.66666666666666
1254	0.0	637.8333333333334
1255	0.0	9043.166666666666
1256	0.0	186.16666666666666
1257	0.0	11970.666666666666
1258	0.0	4425.333333333333
1259	0.0	1388.5
1260	0.0	801.8333333333334
1261	0.0	631.3333333333334
1262	0.0	5561.666666666667
1263	0.0	4232.166666666667
1264	0.0	4599.833333333333
1265	0.0	82.16666666666667
1266	0.0	843.6666666666666
1267	0.0	337.1666666666667
1268	0.0	154.5
1269	0.0	1774.0
1270	0.0	709.0
1271	0.0	224.33333333333334
1272	0.0	52.666666666666664
1273	0.0	353.1666666666667
1274	0.0	502.0
1275	0.0	955.0
1276	0.0	634.5
1277	0.0	15372.666666666666
1278	0.0	123.0
1279	0.0	247.83333333333334
1280	0.0	351.5
1281	0.0	399.3333333333333
1282	0.0	190.33333333333334
1283	0.0	1738.8333333333333
1284	0.0	908.1666666666666
1285	0.0	2819.6666666666665
1286	0.0	279.3333333333333
1287	0.0	652.3333333333334
1288	0.0	800.3333333333334
1289	0.0	245.66666666666666
1290	0.0	3703.8333333333335
1291	0.0	3690.3333333333335
1292	0.0	287.5
1293	0.0	11111.833333333334
1294	0.0	1862.0
1295	0.0	839.8333333333334
1296	0.0	256.3333333333333
1297	0.0	206.5
1298	0.0	528.1666666666666
1299	0.0	204.83333333333334
1300	0.0	317.5
1301	0.0	393.8333333333333
1302	0.0	16.666666666666668
1303	0.0	8440.833333333334
1304	0.0	2086.0
1305	0.0	7215.666666666667
1306	0.0	86.5
1307	0.0	922.1666666666666
1308	0.0	328.3333333333333
1309	0.0	1001.6666666666666
1310	0.0	1280.1666666666667
1311	0.0	1490.6666666666667
1312	0.0	166.0
1313	0.0	4.833333333333333
1314	0.0	3415.3333333333335
1315	0.0	1815.5
1316	0.0	5392.5
1317	0.0	159.16666666666666
1318	0.0	332.1666666666667
1319	0.0	79.66666666666667
1320	0.0	69.16666666666667
1321	0.0	375.1666666666667
1322	0.0	100.0
1323	0.0	18916.833333333332
1324	0.0	1104.8333333333333
1325	0.0	781.5
1326	0.0	1086.1666666666667
1327	0.0	2198.0
1328	0.0	36570.166666666664
1329	0.0	988.0
1330	0.0	1590.1666666666667
1331	0.0	887.5
1332	0.0	1036.5
1333	0.0	549.1666666666666
1334	0.0	4410.833333333333
1335	0.0	340.6666666666667
1336	0.0	185.83333333333334
1337	0.0	46.666666666666664
1338	0.0	12109.666666666666
1339	0.0	108.0
1340	0.0	1551.0
1341	0.0	28.166666666666668
1342	0.0	30.0
1343	0.0	254.5
1344	0.0	42.5
1345	0.0	1722.5
1346	0.0	1004.5
1347	1.0	-1.0
1348	0.0	77.5
1349	0.0	33.0
1350	0.0	1066.8333333333333
1351	0.0	27.5
1352	0.0	6676.333333333333
1353	0.0	326.8333333333333
1354	0.0	357.6666666666667
1355	0.0	60.5
1356	0.0	44.833333333333336
1357	0.0	783.8333333333334
1358	0.0	220.16666666666666
1359	0.0	95.0
1360	0.0	557.1666666666666
1361	0.0	481.8333333333333
1362	0.0	2128.6666666666665
1363	0.0	363.8333333333333
1364	0.0	686.8333333333334
1365	0.0	211.16666666666666
1366	0.0	38.5
1367	0.0	87.66666666666667
1368	0.0	235.33333333333334
1369	0.0	265.8333333333333
1370	0.0	294.1666666666667
1371	0.0	80.33333333333333
1372	0.0	119.16666666666667
1373	0.0	98.33333333333333
1374	0.0	22.833333333333332
1375	0.0	234.33333333333334
1376	0.0	148.5
1377	0.0	45.5
1378	0.0	1850.6666666666667
1379	0.0	143.83333333333334
1380	0.0	640.6666666666666
1381	0.0	221.16666666666666
1382	0.0	417.1666666666667
1383	0.0	246.0
1384	0.0	7368.666666666667
1385	0.0	30.0
1386	0.0	284.5
1387	0.0	2416.0
1388	0.0	397.0
1389	0.0	2189.5
1390	0.0	26.0
1391	0.0	17389.0
1392	0.0	68055.0
1393	0.0	204.83333333333334
1394	0.0	131.66666666666666
1395	0.0	2326.0
1396	0.0	3096.1666666666665
1397	0.0	184.5
1398	0.0	269.6666666666667
1399	0.0	8855.833333333334
1400	0.0	41.166666666666664
1401	0.0	315.1666666666667
1402	0.0	372.3333333333333
1403	0.0	1478.0
1404	0.0	125.83333333333333
1405	0.0	3244.8333333333335
1406	0.0	12820.666666666666
1407	1.0	-1.0
1408	0.0	3215.5
1409	0.0	611.8333333333334
1410	0.0	1855.3333333333333
1411	0.0	78.66666666666667
1412	0.0	127.66666666666667
1413	0.0	140.83333333333334
1414	0.0	6686.833333333333
1415	0.0	474.0
1416	0.0	2018.6666666666667
1417	0.0	1301.1666666666667
1418	0.0	1769.3333333333333
1419	0.0	148.0
1420	0.0	4195.333333333333
1421	0.0	1093.5
1422	0.0	313.1666666666667
1423	0.0	710.8333333333334
1424	0.0	281.6666666666667
1425	0.0	2907.1666666666665
1426	0.0	504.6666666666667
1427	0.0	472.8333333333333
1428	0.0	36.666666666666664
1429	0.0	4961.0
1430	0.0	793.8333333333334
1431	0.0	1557.6666666666667
1432	0.0	585.6666666666666
1433	0.0	38.166666666666664
1434	0.0	1432.1666666666667
1435	0.0	650.3333333333334
1436	0.0	329.0
1437	0.0	12880.166666666666
1438	0.0	133.5
1439	0.0	257.8333333333333
1440	0.0	420.6666666666667
1441	0.0	16774.0
1442	0.0	398.0
1443	0.0	1681.5
1444	0.0	360.0
1445	0.0	2947.0
1446	0.0	164.16666666666666
1447	0.0	2032.6666666666667
1448	0.0	441.3333333333333
1449	0.0	343.8333333333333
1450	0.0	77.66666666666667
1451	0.0	242.5
1452	0.0	1835.3333333333333
1453	0.0	239.16666666666666
1454	0.0	606.8333333333334
1455	0.0	99.83333333333333
1456	0.0	3463.1666666666665
1457	0.0	28276.5
1458	0.0	254.5
1459	0.0	27632.0
1460	0.0	54.5
1461	0.0	464.1666666666667
1462	0.0	319.3333333333333
1463	0.0	285.3333333333333
1464	0.0	635.3333333333334
