# <Puzzle index>	<Unsolved percentage>	<Average solve time (ms)>
0	0.0	2605.927519965917
1	1.0	0.0
2	1.0	0.0
3	0.0	659.3710579909384
4	0.0	1245.8732192171738
5	0.0	1521.4568165829405
6	0.0	3940.9312491770834
7	0.0	686.9070352986455
8	0.0	148.62574764993042
9	0.0	1157.2920007165521
10	0.0	949.5914760045707
11	1.0	0.0
12	0.0	445.7986489869654
13	0.0	132.76956928893924
14	0.0	899.3109333096072
15	1.0	0.0
16	0.0	1772.2043680259958
17	0.0	2081.474868929945
18	0.0	1657.0175992092118
19	0.0	898.6561495112255
20	1.0	0.0
21	0.0	469.4453898118809
22	0.0	1855.8696757536381
23	1.0	0.0
24	0.0	365.84685114212334
25	0.0	624.3494260124862
26	0.0	941.1576198181137
27	0.0	602.8027990832925
28	0.0	1638.8121076161042
29	0.0	3051.7831867327914
30	0.0	482.17150557320565
31	0.0	307.493478176184
32	0.0	1281.2094896798953
33	0.0	323.9592391764745
34	0.0	423.13397442921996
35	1.0	0.0
36	0.0	108.48232510033995
37	1.0	0.0
38	0.0	424.63079560548067
39	0.0	513.0340734031051
40	1.0	0.0
41	1.0	0.0
42	0.0	392.0710653765127
43	1.0	0.0
44	1.0	0.0
45	1.0	0.0
46	1.0	0.0
47	1.0	0.0
48	0.0	409.76862143725157
49	0.0	911.0906072892249
50	0.0	554.926662822254
51	1.0	0.0
52	0.0	975.6654537050053
53	1.0	0.0
54	1.0	0.0
55	1.0	0.0
56	0.0	1610.2528393967077
57	0.0	1239.173119654879
58	0.0	967.143596848473
59	1.0	0.0
60	1.0	0.0
61	1.0	0.0
62	0.0	2089.117462048307
63	1.0	0.0
64	1.0	0.0
65	1.0	0.0
66	1.0	0.0
67	0.0	688.6808152776212
68	1.0	0.0
69	0.0	588.9284412842244
70	0.0	1837.6502670580521
71	0.0	454.3589766835794
72	1.0	0.0
73	1.0	0.0
74	1.0	0.0
75	0.0	2845.1025183312595
76	1.0	0.0
77	0.0	1233.2453161943704
78	0.0	1018.4459941228852
79	0.0	1969.2926455754787
80	1.0	0.0
81	0.0	604.0469624567777
82	1.0	0.0
83	0.0	553.3696112688631
84	0.0	359.3524252064526
85	1.0	0.0
86	0.0	725.2846538322046
87	0.0	6143.241180223413
88	1.0	0.0
89	0.0	244.00465213693678
90	0.0	290.00112833455205
91	0.0	1277.8699927730486
92	1.0	0.0
93	1.0	0.0
94	0.0	462.9905424080789
95	1.0	0.0
96	1.0	0.0
97	1.0	0.0
98	0.0	2321.2356424191967
99	0.0	937.3887865804136
100	1.0	0.0
101	0.0	446.3159308070317
102	0.0	921.6628760332242
103	1.0	0.0
104	1.0	0.0
105	0.0	1021.5673901839182
106	0.0	164.99840340111405
107	0.0	546.1485798005015
108	0.0	170.2143942238763
109	1.0	0.0
110	1.0	0.0
111	0.0	3597.5879785837606
112	1.0	0.0
113	1.0	0.0
114	0.0	840.8098774962127
115	0.0	1137.7864816458896
116	0.0	658.8255077367648
117	0.0	1067.478092503734
118	0.0	943.0193098960444
119	0.0	267.62605202384293
120	0.0	562.9706917097792
121	0.0	93.35846081376076
122	0.0	352.036019670777
123	0.0	896.6652258532122
124	1.0	0.0
125	0.0	833.3017212571576
126	0.0	410.21880437619984
127	1.0	0.0
128	1.0	0.0
129	1.0	0.0
130	0.0	609.17557857465
131	1.0	0.0
132	0.0	897.7480250177905
133	1.0	0.0
134	1.0	0.0
135	0.0	1184.4041011063382
136	0.0	1759.9292307859287
137	0.0	451.5915400115773
138	0.0	317.2158986562863
139	0.0	1094.9908199254423
140	1.0	0.0
141	0.0	3181.823488906957
142	0.0	3679.172557545826
143	0.0	699.3348960531875
144	0.0	2491.1011941730976
145	0.0	584.8509547067806
146	0.0	263.31117132212967
147	0.0	619.7484312579036
148	0.0	592.5148637033999
149	1.0	0.0
150	0.0	836.4770876942202
151	0.0	3252.7152977418154
152	0.0	699.1904699243605
153	0.0	163.8603227911517
154	1.0	0.0
155	1.0	0.0
156	0.0	223.34392846096307
157	1.0	0.0
158	1.0	0.0
159	0.0	412.57719963323325
160	0.0	1019.4286449113861
161	0.0	1049.2982629220933
162	1.0	0.0
163	0.0	246.56511342618614
164	0.0	814.3900368595496
165	0.0	851.6053220955655
166	0.0	443.50862852297723
167	0.0	653.9160797838122
168	1.0	0.0
169	0.0	621.4469365077093
170	0.0	683.9275801321492
171	0.0	500.16175222117454
172	1.0	0.0
173	0.0	536.707493243739
174	1.0	0.0
175	0.0	888.7511151842773
176	0.0	748.5553855076432
177	0.0	915.9347827080637
178	1.0	0.0
179	0.0	2450.875677750446
180	1.0	0.0
181	1.0	0.0
182	0.0	430.67147966939956
183	0.0	618.3440868044272
184	0.0	396.72189590055496
185	0.0	344.634143053554
186	1.0	0.0
187	0.0	942.2577746445313
188	1.0	0.0
189	0.0	752.8861034661531
190	0.0	739.1970452154055
191	0.0	475.476864608936
192	0.0	3946.5167226735502
193	0.0	257.6008662581444
194	0.0	2278.219080530107
195	0.0	163.92812912818044
196	1.0	0.0
197	0.0	346.62965300958604
198	0.0	560.3522211313248
199	1.0	0.0
200	1.0	0.0
201	0.0	539.5505768246949
202	1.0	0.0
203	1.0	0.0
204	1.0	0.0
205	1.0	0.0
206	1.0	0.0
207	0.0	2059.193961089477
208	0.0	470.99348076153547
209	1.0	0.0
210	1.0	0.0
211	0.0	1621.6113467235118
212	1.0	0.0
213	0.0	2168.8666032860056
214	1.0	0.0
215	1.0	0.0
216	1.0	0.0
217	1.0	0.0
218	0.0	814.2707662191242
219	0.0	2887.7880030777305
220	0.0	1287.502693478018
221	0.0	596.4491775957868
222	0.0	1502.8151085134596
223	1.0	0.0
224	1.0	0.0
225	1.0	0.0
226	0.0	493.2425287552178
227	1.0	0.0
228	1.0	0.0
229	0.0	2265.9555478021502
230	1.0	0.0
231	1.0	0.0
232	0.0	5313.69032652583
233	0.0	823.7320546759292
234	0.0	1657.7774194302037
235	1.0	0.0
236	0.0	1018.719878513366
237	1.0	0.0
238	0.0	516.6003981139511
239	1.0	0.0
240	1.0	0.0
241	0.0	420.214704121463
242	0.0	1985.9626926481724
243	1.0	0.0
244	0.0	1253.5078928340226
245	1.0	0.0
246	1.0	0.0
247	1.0	0.0
248	1.0	0.0
249	1.0	0.0
250	1.0	0.0
251	1.0	0.0
252	0.0	1309.0101402485743
253	0.0	1182.206012425013
254	1.0	0.0
255	0.0	1151.2213522801176
256	0.0	623.5779710114002
257	1.0	0.0
258	1.0	0.0
259	1.0	0.0
260	1.0	0.0
261	1.0	0.0
262	0.0	784.8539933329448
263	0.0	263.00447119865566
264	0.0	118.59028995968401
265	1.0	0.0
266	0.0	533.9293052675202
267	1.0	0.0
268	1.0	0.0
269	1.0	0.0
270	1.0	0.0
271	1.0	0.0
272	1.0	0.0
273	1.0	0.0
274	0.0	751.3332574162632
275	1.0	0.0
276	0.0	916.9774345355108
277	1.0	0.0
278	1.0	0.0
279	1.0	0.0
280	1.0	0.0
281	0.0	961.2695511896163
282	1.0	0.0
283	1.0	0.0
284	1.0	0.0
285	0.0	1074.417034164071
286	1.0	0.0
287	0.0	1836.6144899046049
288	1.0	0.0
289	0.0	3098.7680453108624
290	0.0	153.45632249955088
291	0.0	654.2540738591924
292	1.0	0.0
293	1.0	0.0
294	1.0	0.0
295	1.0	0.0
296	1.0	0.0
297	1.0	0.0
298	1.0	0.0
299	1.0	0.0
300	1.0	0.0
301	1.0	0.0
302	1.0	0.0
303	1.0	0.0
304	1.0	0.0
305	1.0	0.0
306	1.0	0.0
307	1.0	0.0
308	1.0	0.0
309	1.0	0.0
310	1.0	0.0
311	1.0	0.0
312	0.0	643.1449539959431
313	1.0	0.0
314	1.0	0.0
315	1.0	0.0
316	1.0	0.0
317	1.0	0.0
318	1.0	0.0
319	1.0	0.0
320	0.0	453.11059383675456
321	1.0	0.0
322	1.0	0.0
323	1.0	0.0
324	0.0	4340.316859888844
325	0.0	858.4488937631249
326	1.0	0.0
327	1.0	0.0
328	1.0	0.0
329	1.0	0.0
330	1.0	0.0
331	1.0	0.0
332	1.0	0.0
333	1.0	0.0
334	1.0	0.0
335	1.0	0.0
336	1.0	0.0
337	1.0	0.0
338	0.0	4694.596645073034
339	1.0	0.0
340	0.0	581.4946430036798
341	1.0	0.0
342	1.0	0.0
343	0.0	472.0977700781077
344	1.0	0.0
345	1.0	0.0
346	1.0	0.0
347	1.0	0.0
348	1.0	0.0
349	1.0	0.0
350	1.0	0.0
351	1.0	0.0
352	1.0	0.0
353	1.0	0.0
354	1.0	0.0
355	1.0	0.0
356	1.0	0.0
357	1.0	0.0
358	1.0	0.0
359	1.0	0.0
360	1.0	0.0
361	1.0	0.0
362	1.0	0.0
363	1.0	0.0
364	1.0	0.0
365	1.0	0.0
366	1.0	0.0
367	1.0	0.0
368	1.0	0.0
369	1.0	0.0
370	1.0	0.0
371	1.0	0.0
372	1.0	0.0
373	1.0	0.0
374	1.0	0.0
375	1.0	0.0
376	1.0	0.0
377	1.0	0.0
378	1.0	0.0
379	1.0	0.0
380	1.0	0.0
381	1.0	0.0
382	1.0	0.0
383	1.0	0.0
384	1.0	0.0
385	1.0	0.0
386	1.0	0.0
387	1.0	0.0
388	0.0	911.8075291626155
389	0.0	1315.0744836311787
390	0.0	648.3289670431986
391	1.0	0.0
392	1.0	0.0
393	1.0	0.0
394	1.0	0.0
395	1.0	0.0
396	0.0	430.69049867335707
397	1.0	0.0
398	0.0	835.964432451874
399	1.0	0.0
400	1.0	0.0
401	1.0	0.0
402	1.0	0.0
403	1.0	0.0
404	1.0	0.0
405	1.0	0.0
406	0.0	2624.3653296260163
407	1.0	0.0
408	1.0	0.0
409	1.0	0.0
410	1.0	0.0
411	1.0	0.0
412	1.0	0.0
413	1.0	0.0
414	1.0	0.0
415	1.0	0.0
416	1.0	0.0
417	1.0	0.0
418	1.0	0.0
419	1.0	0.0
420	1.0	0.0
421	1.0	0.0
422	1.0	0.0
423	1.0	0.0
424	1.0	0.0
425	1.0	0.0
426	1.0	0.0
427	1.0	0.0
428	0.0	4316.80658867117
429	1.0	0.0
430	1.0	0.0
431	1.0	0.0
432	1.0	0.0
433	1.0	0.0
434	1.0	0.0
435	1.0	0.0
436	1.0	0.0
437	1.0	0.0
438	1.0	0.0
439	1.0	0.0
440	1.0	0.0
441	1.0	0.0
442	1.0	0.0
443	1.0	0.0
444	1.0	0.0
445	0.0	546.834021457471
446	1.0	0.0
447	0.0	64.37683152034879
448	1.0	0.0
449	1.0	0.0
450	1.0	0.0
451	1.0	0.0
452	0.0	3018.9322773367167
453	0.0	1399.2104469798505
454	0.0	236.1466756556183
455	1.0	0.0
456	1.0	0.0
457	0.0	724.8889232287183
458	1.0	0.0
459	1.0	0.0
460	1.0	0.0
461	1.0	0.0
462	1.0	0.0
463	1.0	0.0
464	1.0	0.0
465	0.0	657.947345986031
466	1.0	0.0
467	1.0	0.0
468	1.0	0.0
469	1.0	0.0
470	0.0	719.7548830881715
471	1.0	0.0
472	1.0	0.0
473	1.0	0.0
474	1.0	0.0
475	0.0	377.62863258831203
476	1.0	0.0
477	1.0	0.0
478	1.0	0.0
479	1.0	0.0
480	1.0	0.0
481	0.0	805.8651535538957
482	1.0	0.0
483	1.0	0.0
484	1.0	0.0
485	1.0	0.0
486	1.0	0.0
487	1.0	0.0
488	1.0	0.0
489	1.0	0.0
490	1.0	0.0
491	0.0	570.6947611179203
492	1.0	0.0
493	1.0	0.0
494	1.0	0.0
495	1.0	0.0
496	1.0	0.0
497	1.0	0.0
498	1.0	0.0
499	1.0	0.0
500	1.0	0.0
501	1.0	0.0
502	1.0	0.0
503	1.0	0.0
504	1.0	0.0
505	1.0	0.0
506	1.0	0.0
507	1.0	0.0
508	1.0	0.0
509	1.0	0.0
510	1.0	0.0
511	1.0	0.0
512	1.0	0.0
513	1.0	0.0
514	1.0	0.0
515	1.0	0.0
516	1.0	0.0
517	0.0	3003.3471452770755
518	1.0	0.0
519	1.0	0.0
520	1.0	0.0
521	1.0	0.0
522	1.0	0.0
523	1.0	0.0
524	1.0	0.0
525	1.0	0.0
526	1.0	0.0
527	1.0	0.0
528	1.0	0.0
529	1.0	0.0
530	1.0	0.0
531	1.0	0.0
532	1.0	0.0
533	0.0	894.473819877021
534	1.0	0.0
535	1.0	0.0
536	1.0	0.0
537	1.0	0.0
538	1.0	0.0
539	1.0	0.0
540	1.0	0.0
541	1.0	0.0
542	1.0	0.0
543	1.0	0.0
544	1.0	0.0
545	1.0	0.0
546	1.0	0.0
547	1.0	0.0
548	1.0	0.0
549	1.0	0.0
550	1.0	0.0
551	1.0	0.0
552	1.0	0.0
553	1.0	0.0
554	1.0	0.0
555	1.0	0.0
556	1.0	0.0
557	0.0	353.81766594946384
558	1.0	0.0
559	1.0	0.0
560	1.0	0.0
561	1.0	0.0
562	1.0	0.0
563	1.0	0.0
564	1.0	0.0
565	1.0	0.0
566	1.0	0.0
567	0.0	1948.7809194251895
568	1.0	0.0
569	0.0	963.9310466591269
570	1.0	0.0
571	1.0	0.0
572	1.0	0.0
573	1.0	0.0
574	1.0	0.0
575	1.0	0.0
576	1.0	0.0
577	1.0	0.0
578	1.0	0.0
579	1.0	0.0
580	1.0	0.0
581	1.0	0.0
582	1.0	0.0
583	1.0	0.0
584	1.0	0.0
585	1.0	0.0
586	1.0	0.0
587	1.0	0.0
588	1.0	0.0
589	1.0	0.0
590	1.0	0.0
591	1.0	0.0
592	1.0	0.0
593	1.0	0.0
594	1.0	0.0
595	1.0	0.0
596	1.0	0.0
597	1.0	0.0
598	1.0	0.0
599	1.0	0.0
600	1.0	0.0
601	1.0	0.0
602	1.0	0.0
603	1.0	0.0
604	1.0	0.0
605	1.0	0.0
606	0.0	2358.4543057950214
607	1.0	0.0
608	1.0	0.0
609	1.0	0.0
610	1.0	0.0
611	1.0	0.0
612	1.0	0.0
613	1.0	0.0
614	1.0	0.0
615	1.0	0.0
616	0.0	879.4785005738959
617	1.0	0.0
618	1.0	0.0
619	1.0	0.0
620	1.0	0.0
621	1.0	0.0
622	1.0	0.0
623	1.0	0.0
624	1.0	0.0
625	1.0	0.0
626	1.0	0.0
627	0.0	1122.982029686682
628	1.0	0.0
629	1.0	0.0
630	1.0	0.0
631	1.0	0.0
632	1.0	0.0
633	1.0	0.0
634	1.0	0.0
635	1.0	0.0
636	1.0	0.0
637	1.0	0.0
638	1.0	0.0
639	1.0	0.0
640	1.0	0.0
641	1.0	0.0
642	1.0	0.0
643	1.0	0.0
644	1.0	0.0
645	1.0	0.0
646	1.0	0.0
647	1.0	0.0
648	1.0	0.0
649	1.0	0.0
650	1.0	0.0
651	1.0	0.0
652	1.0	0.0
653	1.0	0.0
654	1.0	0.0
655	1.0	0.0
656	1.0	0.0
657	1.0	0.0
658	1.0	0.0
659	1.0	0.0
660	1.0	0.0
661	1.0	0.0
662	1.0	0.0
663	1.0	0.0
664	1.0	0.0
665	1.0	0.0
666	1.0	0.0
667	1.0	0.0
668	1.0	0.0
669	1.0	0.0
670	1.0	0.0
671	1.0	0.0
672	0.0	473.162486217916
673	1.0	0.0
674	1.0	0.0
675	1.0	0.0
676	1.0	0.0
677	1.0	0.0
678	1.0	0.0
679	1.0	0.0
680	0.0	1063.5128105059266
681	1.0	0.0
682	1.0	0.0
683	1.0	0.0
684	1.0	0.0
685	1.0	0.0
686	1.0	0.0
687	1.0	0.0
688	1.0	0.0
689	1.0	0.0
690	1.0	0.0
691	1.0	0.0
692	1.0	0.0
693	1.0	0.0
694	1.0	0.0
695	1.0	0.0
696	1.0	0.0
697	1.0	0.0
698	1.0	0.0
699	1.0	0.0
700	1.0	0.0
701	1.0	0.0
702	1.0	0.0
703	1.0	0.0
704	1.0	0.0
705	1.0	0.0
706	1.0	0.0
707	1.0	0.0
708	1.0	0.0
709	1.0	0.0
710	0.0	1533.8830528780818
711	1.0	0.0
712	1.0	0.0
713	1.0	0.0
714	1.0	0.0
715	1.0	0.0
716	1.0	0.0
717	1.0	0.0
718	1.0	0.0
719	1.0	0.0
720	1.0	0.0
721	1.0	0.0
722	1.0	0.0
723	1.0	0.0
724	1.0	0.0
725	1.0	0.0
726	1.0	0.0
727	1.0	0.0
728	1.0	0.0
729	1.0	0.0
730	1.0	0.0
731	0.0	170.73812149465084
732	1.0	0.0
733	1.0	0.0
734	1.0	0.0
735	1.0	0.0
736	1.0	0.0
737	1.0	0.0
738	1.0	0.0
739	1.0	0.0
740	1.0	0.0
741	1.0	0.0
742	1.0	0.0
743	1.0	0.0
744	1.0	0.0
745	1.0	0.0
746	1.0	0.0
747	0.0	273.47324998117983
748	1.0	0.0
749	1.0	0.0
750	1.0	0.0
751	1.0	0.0
752	1.0	0.0
753	1.0	0.0
754	1.0	0.0
755	1.0	0.0
756	1.0	0.0
757	1.0	0.0
758	1.0	0.0
759	1.0	0.0
760	0.0	111.3772124517709
761	1.0	0.0
762	1.0	0.0
763	1.0	0.0
764	1.0	0.0
765	1.0	0.0
766	1.0	0.0
767	1.0	0.0
768	1.0	0.0
769	1.0	0.0
770	1.0	0.0
771	1.0	0.0
772	1.0	0.0
773	1.0	0.0
774	0.0	444.61628852877766
775	1.0	0.0
776	1.0	0.0
777	1.0	0.0
778	1.0	0.0
779	0.0	5383.129223715514
780	1.0	0.0
781	1.0	0.0
782	1.0	0.0
783	0.0	325.385665288195
784	1.0	0.0
785	0.0	94.53165298327804
786	1.0	0.0
787	1.0	0.0
788	1.0	0.0
789	1.0	0.0
790	1.0	0.0
791	1.0	0.0
792	1.0	0.0
793	1.0	0.0
794	1.0	0.0
795	1.0	0.0
796	1.0	0.0
797	1.0	0.0
798	0.0	445.4192143166438
799	0.0	191.6460352949798
800	1.0	0.0
801	1.0	0.0
802	1.0	0.0
803	1.0	0.0
804	1.0	0.0
805	1.0	0.0
806	1.0	0.0
807	1.0	0.0
808	1.0	0.0
809	1.0	0.0
810	1.0	0.0
811	1.0	0.0
812	0.0	2146.209879545495
813	1.0	0.0
814	1.0	0.0
815	0.0	499.8066686093807
816	1.0	0.0
817	1.0	0.0
818	1.0	0.0
819	1.0	0.0
820	1.0	0.0
821	1.0	0.0
822	1.0	0.0
823	1.0	0.0
824	1.0	0.0
825	1.0	0.0
826	1.0	0.0
827	1.0	0.0
828	1.0	0.0
829	1.0	0.0
830	1.0	0.0
831	0.0	592.2797489911318
832	1.0	0.0
833	1.0	0.0
834	1.0	0.0
835	1.0	0.0
836	1.0	0.0
837	0.0	770.0409579556435
838	0.0	432.55350866820663
839	1.0	0.0
840	1.0	0.0
841	1.0	0.0
842	1.0	0.0
843	1.0	0.0
844	1.0	0.0
845	1.0	0.0
846	1.0	0.0
847	1.0	0.0
848	1.0	0.0
849	1.0	0.0
850	1.0	0.0
851	1.0	0.0
852	1.0	0.0
853	1.0	0.0
854	1.0	0.0
855	1.0	0.0
856	1.0	0.0
857	1.0	0.0
858	1.0	0.0
859	1.0	0.0
860	1.0	0.0
861	1.0	0.0
862	0.0	332.73846143856645
863	1.0	0.0
864	1.0	0.0
865	1.0	0.0
866	1.0	0.0
867	0.0	672.2746930317953
868	1.0	0.0
869	1.0	0.0
870	1.0	0.0
871	1.0	0.0
872	1.0	0.0
873	0.0	648.3427135972306
874	1.0	0.0
875	1.0	0.0
876	0.0	160.86302103940398
877	1.0	0.0
878	1.0	0.0
879	1.0	0.0
880	1.0	0.0
881	1.0	0.0
882	1.0	0.0
883	1.0	0.0
884	1.0	0.0
885	1.0	0.0
886	1.0	0.0
887	1.0	0.0
888	1.0	0.0
889	1.0	0.0
890	1.0	0.0
891	1.0	0.0
892	1.0	0.0
893	1.0	0.0
894	1.0	0.0
895	1.0	0.0
896	0.0	3564.853768912144
897	1.0	0.0
898	1.0	0.0
899	1.0	0.0
900	1.0	0.0
901	1.0	0.0
902	1.0	0.0
903	1.0	0.0
904	1.0	0.0
905	1.0	0.0
906	1.0	0.0
907	1.0	0.0
908	0.0	244.11650048568845
909	1.0	0.0
910	1.0	0.0
911	1.0	0.0
912	1.0	0.0
913	1.0	0.0
914	1.0	0.0
915	1.0	0.0
916	0.0	266.6612551547587
917	1.0	0.0
918	1.0	0.0
919	1.0	0.0
920	1.0	0.0
921	1.0	0.0
922	1.0	0.0
923	1.0	0.0
924	1.0	0.0
925	1.0	0.0
926	1.0	0.0
927	1.0	0.0
928	0.0	820.3988401219249
929	1.0	0.0
930	0.0	728.9122409420088
931	1.0	0.0
932	1.0	0.0
933	1.0	0.0
934	1.0	0.0
935	1.0	0.0
936	1.0	0.0
937	1.0	0.0
938	1.0	0.0
939	1.0	0.0
940	1.0	0.0
941	1.0	0.0
942	1.0	0.0
943	1.0	0.0
944	1.0	0.0
945	1.0	0.0
946	1.0	0.0
947	1.0	0.0
948	1.0	0.0
949	1.0	0.0
950	1.0	0.0
951	1.0	0.0
952	1.0	0.0
953	1.0	0.0
954	1.0	0.0
955	1.0	0.0
956	0.0	1444.3370265653357
957	1.0	0.0
958	1.0	0.0
959	1.0	0.0
960	0.0	1255.7374384487048
961	1.0	0.0
962	0.0	655.121436342597
963	1.0	0.0
964	1.0	0.0
965	1.0	0.0
966	1.0	0.0
967	1.0	0.0
968	1.0	0.0
969	1.0	0.0
970	1.0	0.0
971	1.0	0.0
972	1.0	0.0
973	1.0	0.0
974	1.0	0.0
975	1.0	0.0
976	1.0	0.0
977	1.0	0.0
978	1.0	0.0
979	1.0	0.0
980	1.0	0.0
981	0.0	1427.3404048290104
982	0.0	92.71995991002768
983	1.0	0.0
984	1.0	0.0
985	1.0	0.0
986	1.0	0.0
987	1.0	0.0
988	1.0	0.0
989	0.0	729.3949868762866
990	1.0	0.0
991	1.0	0.0
992	1.0	0.0
993	0.0	1029.6284031355754
994	0.0	220.94571322668344
995	1.0	0.0
996	0.0	303.72498149517924
997	1.0	0.0
998	1.0	0.0
999	1.0	0.0
1000	1.0	0.0
1001	1.0	0.0
1002	0.0	305.68192654754966
1003	1.0	0.0
1004	1.0	0.0
1005	0.0	260.4133797576651
1006	1.0	0.0
1007	1.0	0.0
1008	1.0	0.0
1009	0.0	340.20728489849716
1010	1.0	0.0
1011	1.0	0.0
1012	1.0	0.0
1013	0.0	616.4797360543162
1014	1.0	0.0
1015	1.0	0.0
1016	1.0	0.0
1017	1.0	0.0
1018	1.0	0.0
1019	1.0	0.0
1020	1.0	0.0
1021	1.0	0.0
1022	0.0	273.698762874119
1023	1.0	0.0
1024	0.0	268.83803273085505
1025	1.0	0.0
1026	1.0	0.0
1027	1.0	0.0
1028	1.0	0.0
1029	1.0	0.0
1030	0.0	421.6454809065908
1031	1.0	0.0
1032	1.0	0.0
1033	1.0	0.0
1034	0.0	1146.482655662112
1035	1.0	0.0
1036	1.0	0.0
1037	1.0	0.0
1038	1.0	0.0
1039	1.0	0.0
1040	1.0	0.0
1041	1.0	0.0
1042	1.0	0.0
1043	1.0	0.0
1044	1.0	0.0
1045	1.0	0.0
1046	1.0	0.0
1047	1.0	0.0
1048	0.0	531.7195262759924
1049	1.0	0.0
1050	1.0	0.0
1051	1.0	0.0
1052	1.0	0.0
1053	1.0	0.0
1054	1.0	0.0
1055	1.0	0.0
1056	0.0	165.71675869636238
1057	1.0	0.0
1058	0.0	806.8668296327814
1059	1.0	0.0
1060	1.0	0.0
1061	1.0	0.0
1062	1.0	0.0
1063	1.0	0.0
1064	1.0	0.0
1065	1.0	0.0
1066	1.0	0.0
1067	0.0	1329.288257402368
1068	1.0	0.0
1069	1.0	0.0
1070	1.0	0.0
1071	1.0	0.0
1072	1.0	0.0
1073	1.0	0.0
1074	1.0	0.0
1075	1.0	0.0
1076	1.0	0.0
1077	1.0	0.0
1078	1.0	0.0
1079	1.0	0.0
1080	1.0	0.0
1081	1.0	0.0
1082	1.0	0.0
1083	1.0	0.0
1084	1.0	0.0
1085	1.0	0.0
1086	1.0	0.0
1087	1.0	0.0
1088	1.0	0.0
1089	1.0	0.0
1090	1.0	0.0
1091	1.0	0.0
1092	0.0	390.3634377056733
1093	1.0	0.0
1094	1.0	0.0
1095	1.0	0.0
1096	1.0	0.0
1097	1.0	0.0
1098	1.0	0.0
1099	1.0	0.0
1100	1.0	0.0
1101	1.0	0.0
1102	1.0	0.0
1103	1.0	0.0
1104	1.0	0.0
1105	0.0	1458.9343934785575
1106	0.0	521.8615983612835
1107	1.0	0.0
1108	1.0	0.0
1109	1.0	0.0
1110	1.0	0.0
1111	1.0	0.0
1112	1.0	0.0
1113	1.0	0.0
1114	0.0	937.8886903868988
1115	1.0	0.0
1116	1.0	0.0
1117	1.0	0.0
1118	1.0	0.0
1119	1.0	0.0
1120	0.0	648.8619488663971
1121	1.0	0.0
1122	0.0	838.8577926671132
1123	1.0	0.0
1124	1.0	0.0
1125	0.0	290.74183374177665
1126	1.0	0.0
1127	1.0	0.0
1128	0.0	182.2472175117582
1129	1.0	0.0
1130	1.0	0.0
1131	1.0	0.0
1132	1.0	0.0
1133	1.0	0.0
1134	1.0	0.0
1135	1.0	0.0
1136	1.0	0.0
1137	1.0	0.0
1138	1.0	0.0
1139	1.0	0.0
1140	1.0	0.0
1141	1.0	0.0
1142	1.0	0.0
1143	1.0	0.0
1144	1.0	0.0
1145	1.0	0.0
1146	1.0	0.0
1147	1.0	0.0
1148	1.0	0.0
1149	1.0	0.0
1150	1.0	0.0
1151	1.0	0.0
1152	0.0	475.37774371448904
1153	1.0	0.0
1154	1.0	0.0
1155	0.0	608.5939436452463
1156	0.0	538.1432246649638
1157	1.0	0.0
1158	1.0	0.0
1159	1.0	0.0
1160	1.0	0.0
1161	1.0	0.0
1162	1.0	0.0
1163	1.0	0.0
1164	1.0	0.0
1165	1.0	0.0
1166	1.0	0.0
1167	1.0	0.0
1168	1.0	0.0
1169	1.0	0.0
1170	1.0	0.0
1171	1.0	0.0
1172	1.0	0.0
1173	1.0	0.0
1174	1.0	0.0
1175	1.0	0.0
1176	1.0	0.0
1177	0.0	773.4906097175553
1178	1.0	0.0
1179	1.0	0.0
1180	1.0	0.0
1181	1.0	0.0
1182	1.0	0.0
1183	1.0	0.0
1184	0.0	369.7229460813105
1185	0.0	241.05932016391307
1186	0.0	468.448604689911
1187	1.0	0.0
1188	1.0	0.0
1189	1.0	0.0
1190	1.0	0.0
1191	1.0	0.0
1192	1.0	0.0
1193	1.0	0.0
1194	1.0	0.0
1195	1.0	0.0
1196	0.0	127.28519958909601
1197	1.0	0.0
1198	1.0	0.0
1199	0.0	150.00154625158757
1200	0.0	512.1826606336981
1201	1.0	0.0
1202	1.0	0.0
1203	1.0	0.0
1204	1.0	0.0
1205	1.0	0.0
1206	0.0	619.9190510669723
1207	1.0	0.0
1208	1.0	0.0
1209	1.0	0.0
1210	1.0	0.0
1211	1.0	0.0
1212	1.0	0.0
1213	1.0	0.0
1214	1.0	0.0
1215	1.0	0.0
1216	0.0	362.949563190341
1217	1.0	0.0
1218	1.0	0.0
1219	1.0	0.0
1220	0.0	430.963818449527
1221	0.0	1139.713643817231
1222	0.0	1525.5900118499994
1223	1.0	0.0
1224	1.0	0.0
1225	1.0	0.0
1226	0.0	1200.7775602396578
1227	0.0	223.05971453897655
1228	0.0	573.9297935506329
1229	1.0	0.0
1230	0.0	493.0139691568911
1231	1.0	0.0
1232	0.0	273.2453217031434
1233	1.0	0.0
1234	0.0	229.95170496869832
1235	1.0	0.0
1236	1.0	0.0
1237	1.0	0.0
1238	1.0	0.0
1239	0.0	523.2987797353417
1240	1.0	0.0
1241	1.0	0.0
1242	1.0	0.0
1243	0.0	813.1211971631274
1244	1.0	0.0
1245	1.0	0.0
1246	1.0	0.0
1247	0.0	583.1238609971479
1248	1.0	0.0
1249	0.0	1214.8759994888678
1250	1.0	0.0
1251	1.0	0.0
1252	1.0	0.0
1253	0.0	372.8414138313383
1254	1.0	0.0
1255	1.0	0.0
1256	1.0	0.0
1257	0.0	350.66395602189004
1258	0.0	471.71012591570616
1259	1.0	0.0
1260	1.0	0.0
1261	1.0	0.0
1262	1.0	0.0
1263	1.0	0.0
1264	1.0	0.0
1265	1.0	0.0
1266	0.0	926.553190802224
1267	1.0	0.0
1268	1.0	0.0
1269	1.0	0.0
1270	1.0	0.0
1271	1.0	0.0
1272	1.0	0.0
1273	1.0	0.0
1274	0.0	94.31492525618523
1275	1.0	0.0
1276	1.0	0.0
1277	1.0	0.0
1278	1.0	0.0
1279	1.0	0.0
1280	1.0	0.0
1281	1.0	0.0
1282	1.0	0.0
1283	1.0	0.0
1284	1.0	0.0
1285	0.0	182.09789670072496
1286	0.0	808.4140269784257
1287	0.0	568.1262935977429
1288	1.0	0.0
1289	0.0	1087.65592740383
1290	1.0	0.0
1291	1.0	0.0
1292	1.0	0.0
1293	1.0	0.0
1294	1.0	0.0
1295	1.0	0.0
1296	0.0	426.8748121103272
1297	1.0	0.0
1298	1.0	0.0
1299	0.0	2145.001310389489
1300	1.0	0.0
1301	1.0	0.0
1302	1.0	0.0
1303	0.0	2390.756754321046
1304	1.0	0.0
1305	1.0	0.0
1306	1.0	0.0
1307	1.0	0.0
1308	1.0	0.0
1309	1.0	0.0
1310	1.0	0.0
1311	1.0	0.0
1312	1.0	0.0
1313	1.0	0.0
1314	0.0	351.55367595143616
1315	0.0	139.9325393140316
1316	0.0	92.34055143315345
1317	1.0	0.0
1318	1.0	0.0
1319	0.0	444.7408488485962
1320	1.0	0.0
1321	1.0	0.0
1322	1.0	0.0
1323	0.0	133.15215217880905
1324	1.0	0.0
1325	0.0	199.3607945041731
1326	1.0	0.0
1327	1.0	0.0
1328	1.0	0.0
1329	1.0	0.0
1330	1.0	0.0
1331	1.0	0.0
1332	1.0	0.0
1333	1.0	0.0
1334	0.0	145.5807670718059
1335	1.0	0.0
1336	1.0	0.0
1337	1.0	0.0
1338	0.0	2196.391307399608
1339	1.0	0.0
1340	0.0	30.698651913553476
1341	1.0	0.0
1342	1.0	0.0
1343	1.0	0.0
1344	1.0	0.0
1345	1.0	0.0
1346	1.0	0.0
1347	0.0	1754.3224481632933
1348	0.0	643.801118596457
1349	1.0	0.0
1350	1.0	0.0
1351	1.0	0.0
1352	0.0	973.4985624672845
1353	0.0	1276.0598920285702
1354	0.0	1140.1150223100558
1355	1.0	0.0
1356	1.0	0.0
1357	1.0	0.0
1358	1.0	0.0
1359	1.0	0.0
1360	0.0	2181.2103072879836
1361	1.0	0.0
1362	1.0	0.0
1363	0.0	649.0986085264012
1364	1.0	0.0
1365	1.0	0.0
1366	1.0	0.0
1367	1.0	0.0
1368	1.0	0.0
1369	1.0	0.0
1370	1.0	0.0
1371	1.0	0.0
1372	0.0	368.5850972542539
1373	1.0	0.0
1374	1.0	0.0
1375	1.0	0.0
1376	0.0	564.1282156575471
1377	1.0	0.0
1378	1.0	0.0
1379	1.0	0.0
1380	1.0	0.0
1381	1.0	0.0
1382	0.0	110.4374754941091
1383	1.0	0.0
1384	1.0	0.0
1385	1.0	0.0
1386	1.0	0.0
1387	1.0	0.0
1388	1.0	0.0
1389	1.0	0.0
1390	1.0	0.0
1391	0.0	540.8030732069165
1392	0.0	915.4867810430005
1393	1.0	0.0
1394	1.0	0.0
1395	0.0	329.8430626746267
1396	1.0	0.0
1397	1.0	0.0
1398	0.0	556.87236180529
1399	1.0	0.0
1400	0.0	1088.5196693707258
1401	1.0	0.0
1402	0.0	169.0149479545653
1403	0.0	498.23642638511956
1404	1.0	0.0
1405	0.0	1065.441629383713
1406	1.0	0.0
1407	0.0	2825.672577135265
1408	0.0	530.0195710733533
1409	1.0	0.0
1410	1.0	0.0
1411	0.0	127.443807432428
1412	0.0	245.39885728154331
1413	1.0	0.0
1414	1.0	0.0
1415	0.0	249.73480496555567
1416	0.0	270.72699065320194
1417	1.0	0.0
1418	0.0	413.6278601363301
1419	1.0	0.0
1420	1.0	0.0
1421	0.0	490.6468417029828
1422	1.0	0.0
1423	1.0	0.0
1424	0.0	115.56773213669658
1425	0.0	345.32382513862103
1426	1.0	0.0
1427	1.0	0.0
1428	1.0	0.0
1429	1.0	0.0
1430	1.0	0.0
1431	1.0	0.0
1432	1.0	0.0
1433	1.0	0.0
1434	1.0	0.0
1435	1.0	0.0
1436	0.0	891.246568178758
1437	1.0	0.0
1438	1.0	0.0
1439	0.0	597.0461065880954
1440	0.0	112.66161128878593
1441	1.0	0.0
1442	1.0	0.0
1443	1.0	0.0
1444	1.0	0.0
1445	1.0	0.0
1446	0.0	151.9090455258265
1447	1.0	0.0
1448	0.0	1829.9784942064434
1449	0.0	665.271385689266
1450	1.0	0.0
1451	1.0	0.0
1452	0.0	1986.9079577038065
1453	1.0	0.0
1454	1.0	0.0
1455	1.0	0.0
1456	1.0	0.0
1457	0.0	486.4731797715649
1458	1.0	0.0
1459	0.0	2321.031292900443
1460	1.0	0.0
1461	1.0	0.0
1462	1.0	0.0
1463	1.0	0.0
1464	0.0	477.34394832514226
